<?xml version="1.0" encoding="utf-8"?>
<CoverageSession xmlns:xsd="http://www.w3.org/2001/XMLSchema" xmlns:xsi="http://www.w3.org/2001/XMLSchema-instance" Version="4.7.922.0">
  <Summary numSequencePoints="459" visitedSequencePoints="83" numBranchPoints="324" visitedBranchPoints="36" sequenceCoverage="18.08" branchCoverage="11.11" maxCyclomaticComplexity="10" minCyclomaticComplexity="1" maxCrapScore="110" minCrapScore="1" visitedClasses="13" numClasses="63" visitedMethods="20" numMethods="210" />
  <Modules>
    <Module skippedDueTo="Filter" hash="DB-4D-0C-ED-10-05-11-95-7E-9F-5F-B5-43-65-F6-B9-1A-13-49-49">
      <ModulePath>C:\Program Files\dotnet\shared\Microsoft.NETCore.App\3.0.0-preview4-27615-11\System.Private.CoreLib.dll</ModulePath>
      <ModuleTime>2019-04-15T23:49:58Z</ModuleTime>
      <ModuleName>System.Private.CoreLib</ModuleName>
      <Classes />
    </Module>
    <Module skippedDueTo="Filter" hash="9D-E8-FE-16-76-6A-28-A8-39-C1-84-7D-E8-4C-9C-7D-CC-F5-CB-4F">
      <ModulePath>C:\Program Files\dotnet\sdk\3.0.100-preview4-011223\dotnet.dll</ModulePath>
      <ModuleTime>2019-04-16T23:09:56Z</ModuleTime>
      <ModuleName>dotnet</ModuleName>
      <Classes />
    </Module>
    <Module skippedDueTo="Filter" hash="60-48-B9-60-7B-BA-CB-B5-35-54-EB-43-C1-B5-5D-21-AA-EB-70-46">
      <ModulePath>C:\Program Files\dotnet\shared\Microsoft.NETCore.App\3.0.0-preview4-27615-11\System.Runtime.dll</ModulePath>
      <ModuleTime>2019-04-16T03:23:44Z</ModuleTime>
      <ModuleName>System.Runtime</ModuleName>
      <Classes />
    </Module>
    <Module skippedDueTo="Filter" hash="13-E7-A1-08-42-7B-CB-55-2E-FF-8B-2B-B6-2A-51-18-13-8A-39-C7">
      <ModulePath>C:\Program Files\dotnet\sdk\3.0.100-preview4-011223\Microsoft.DotNet.Cli.Utils.dll</ModulePath>
      <ModuleTime>2019-04-16T23:09:56Z</ModuleTime>
      <ModuleName>Microsoft.DotNet.Cli.Utils</ModuleName>
      <Classes />
    </Module>
    <Module skippedDueTo="Filter" hash="E7-76-29-D8-B4-03-E9-56-10-2D-E3-62-30-4D-8B-FD-C5-AF-8C-02">
      <ModulePath>C:\Program Files\dotnet\shared\Microsoft.NETCore.App\3.0.0-preview4-27615-11\System.Runtime.Extensions.dll</ModulePath>
      <ModuleTime>2019-04-16T03:23:48Z</ModuleTime>
      <ModuleName>System.Runtime.Extensions</ModuleName>
      <Classes />
    </Module>
    <Module skippedDueTo="Filter" hash="7A-12-47-92-43-4B-80-B1-24-AA-E2-DF-08-16-C6-F1-92-5B-AD-33">
      <ModulePath>C:\Program Files\dotnet\shared\Microsoft.NETCore.App\3.0.0-preview4-27615-11\System.Runtime.Loader.dll</ModulePath>
      <ModuleTime>2019-04-16T03:23:42Z</ModuleTime>
      <ModuleName>System.Runtime.Loader</ModuleName>
      <Classes />
    </Module>
    <Module skippedDueTo="Filter" hash="A1-70-81-98-15-49-BF-FC-18-17-91-81-C6-C6-2D-44-40-FF-76-45">
      <ModulePath>C:\Program Files\dotnet\sdk\3.0.100-preview4-011223\Microsoft.DotNet.PlatformAbstractions.dll</ModulePath>
      <ModuleTime>2019-04-16T23:10:00Z</ModuleTime>
      <ModuleName>Microsoft.DotNet.PlatformAbstractions</ModuleName>
      <Classes />
    </Module>
    <Module skippedDueTo="Filter" hash="27-4C-6B-33-27-4A-37-93-67-AD-F8-54-39-72-23-8E-85-30-30-51">
      <ModulePath>C:\Program Files\dotnet\shared\Microsoft.NETCore.App\3.0.0-preview4-27615-11\System.Runtime.InteropServices.RuntimeInformation.dll</ModulePath>
      <ModuleTime>2019-04-16T03:23:40Z</ModuleTime>
      <ModuleName>System.Runtime.InteropServices.RuntimeInformation</ModuleName>
      <Classes />
    </Module>
    <Module skippedDueTo="Filter" hash="A9-87-1F-FB-FF-44-B5-F1-78-56-94-82-A7-12-00-8D-85-4B-CB-B5">
      <ModulePath>C:\Program Files\dotnet\shared\Microsoft.NETCore.App\3.0.0-preview4-27615-11\System.IO.FileSystem.dll</ModulePath>
      <ModuleTime>2019-04-16T03:23:58Z</ModuleTime>
      <ModuleName>System.IO.FileSystem</ModuleName>
      <Classes />
    </Module>
    <Module skippedDueTo="Filter" hash="42-57-AC-B3-50-B1-7F-77-39-72-58-62-9D-6C-40-A3-2D-E9-F3-5D">
      <ModulePath>C:\Program Files\dotnet\shared\Microsoft.NETCore.App\3.0.0-preview4-27615-11\System.Runtime.InteropServices.dll</ModulePath>
      <ModuleTime>2019-04-16T03:23:50Z</ModuleTime>
      <ModuleName>System.Runtime.InteropServices</ModuleName>
      <Classes />
    </Module>
    <Module skippedDueTo="Filter" hash="36-1E-4E-4A-8E-D5-E4-E3-65-B8-34-AC-40-EF-09-1B-5E-A4-78-5D">
      <ModulePath>C:\Program Files\dotnet\shared\Microsoft.NETCore.App\3.0.0-preview4-27615-11\System.Memory.dll</ModulePath>
      <ModuleTime>2019-04-16T03:24:02Z</ModuleTime>
      <ModuleName>System.Memory</ModuleName>
      <Classes />
    </Module>
    <Module skippedDueTo="Filter" hash="14-0E-E0-D9-0C-7E-9E-00-08-7D-87-94-13-14-EE-DD-2F-87-1F-21">
      <ModulePath>C:\Program Files\dotnet\shared\Microsoft.NETCore.App\3.0.0-preview4-27615-11\System.Threading.dll</ModulePath>
      <ModuleTime>2019-04-16T03:23:50Z</ModuleTime>
      <ModuleName>System.Threading</ModuleName>
      <Classes />
    </Module>
    <Module skippedDueTo="Filter" hash="04-6C-CA-27-8A-7F-C9-91-A2-FF-20-86-81-22-E2-3C-3B-40-8A-D7">
      <ModulePath>C:\Program Files\dotnet\sdk\3.0.100-preview4-011223\runtimes\win\lib\netstandard1.3\System.Text.Encoding.CodePages.dll</ModulePath>
      <ModuleTime>2019-04-16T23:09:54Z</ModuleTime>
      <ModuleName>System.Text.Encoding.CodePages</ModuleName>
      <Classes />
    </Module>
    <Module skippedDueTo="Filter" hash="6D-02-BD-EA-19-B6-15-25-92-B5-E1-8B-C4-B8-46-5C-FB-6F-0F-28">
      <ModulePath>C:\Program Files\dotnet\shared\Microsoft.NETCore.App\3.0.0-preview4-27615-11\System.Text.Encoding.dll</ModulePath>
      <ModuleTime>2019-04-16T03:23:48Z</ModuleTime>
      <ModuleName>System.Text.Encoding</ModuleName>
      <Classes />
    </Module>
    <Module skippedDueTo="Filter" hash="AE-BE-49-85-46-5E-65-A0-D0-57-DC-75-8E-0A-16-3D-6F-AC-41-49">
      <ModulePath>C:\Program Files\dotnet\shared\Microsoft.NETCore.App\3.0.0-preview4-27615-11\System.Collections.dll</ModulePath>
      <ModuleTime>2019-04-16T03:23:44Z</ModuleTime>
      <ModuleName>System.Collections</ModuleName>
      <Classes />
    </Module>
    <Module skippedDueTo="Filter" hash="AA-59-B9-99-08-E1-D0-0C-1F-49-ED-71-9A-F7-21-4A-F2-87-07-7C">
      <ModulePath>C:\Program Files\dotnet\shared\Microsoft.NETCore.App\3.0.0-preview4-27615-11\System.Collections.Concurrent.dll</ModulePath>
      <ModuleTime>2019-04-16T03:23:40Z</ModuleTime>
      <ModuleName>System.Collections.Concurrent</ModuleName>
      <Classes />
    </Module>
    <Module skippedDueTo="Filter" hash="5D-8F-23-26-BB-FF-C8-39-C4-6D-89-43-8D-AC-22-B1-89-1F-F0-C2">
      <ModulePath>C:\Program Files\dotnet\shared\Microsoft.NETCore.App\3.0.0-preview4-27615-11\System.Threading.Thread.dll</ModulePath>
      <ModuleTime>2019-04-16T03:23:52Z</ModuleTime>
      <ModuleName>System.Threading.Thread</ModuleName>
      <Classes />
    </Module>
    <Module skippedDueTo="Filter" hash="76-83-85-82-49-4F-85-BD-58-7F-86-AB-B7-2D-D5-2C-C3-43-EE-75">
      <ModulePath>C:\Program Files\dotnet\sdk\3.0.100-preview4-011223\Microsoft.DotNet.Configurer.dll</ModulePath>
      <ModuleTime>2019-04-16T23:10:02Z</ModuleTime>
      <ModuleName>Microsoft.DotNet.Configurer</ModuleName>
      <Classes />
    </Module>
    <Module skippedDueTo="Filter" hash="B7-E0-DE-28-F0-E8-D5-C8-B7-EB-FA-2B-99-34-AA-91-E3-90-84-A6">
      <ModulePath>C:\Program Files\dotnet\sdk\3.0.100-preview4-011223\Microsoft.DotNet.Cli.CommandLine.dll</ModulePath>
      <ModuleTime>2019-04-16T23:09:54Z</ModuleTime>
      <ModuleName>Microsoft.DotNet.Cli.CommandLine</ModuleName>
      <Classes />
    </Module>
    <Module skippedDueTo="Filter" hash="8F-66-44-42-8E-C1-E8-6F-5B-B7-6E-FB-BF-5E-B7-54-3A-23-8F-4A">
      <ModulePath>C:\Program Files\dotnet\shared\Microsoft.NETCore.App\3.0.0-preview4-27615-11\System.Diagnostics.Process.dll</ModulePath>
      <ModuleTime>2019-04-16T03:23:42Z</ModuleTime>
      <ModuleName>System.Diagnostics.Process</ModuleName>
      <Classes />
    </Module>
    <Module skippedDueTo="Filter" hash="1D-1E-E6-8D-9B-64-B9-54-DB-77-81-86-FF-1F-23-E9-32-5E-C3-A4">
      <ModulePath>C:\Program Files\dotnet\sdk\3.0.100-preview4-011223\Microsoft.DotNet.InternalAbstractions.dll</ModulePath>
      <ModuleTime>2019-04-16T23:09:58Z</ModuleTime>
      <ModuleName>Microsoft.DotNet.InternalAbstractions</ModuleName>
      <Classes />
    </Module>
    <Module skippedDueTo="Filter" hash="CC-E9-B1-B3-7D-DA-80-A0-A8-CF-1F-59-25-C4-35-B2-76-40-5E-8B">
      <ModulePath>C:\Program Files\dotnet\shared\Microsoft.NETCore.App\3.0.0-preview4-27615-11\netstandard.dll</ModulePath>
      <ModuleTime>2019-04-16T03:23:48Z</ModuleTime>
      <ModuleName>netstandard</ModuleName>
      <Classes />
    </Module>
    <Module skippedDueTo="Filter" hash="86-97-99-B7-3F-55-7C-F5-EF-C0-7D-0A-66-D0-6A-56-4C-CC-4D-3A">
      <ModulePath>C:\Program Files\dotnet\shared\Microsoft.NETCore.App\3.0.0-preview4-27615-11\System.Linq.dll</ModulePath>
      <ModuleTime>2019-04-16T03:24:02Z</ModuleTime>
      <ModuleName>System.Linq</ModuleName>
      <Classes />
    </Module>
    <Module skippedDueTo="Filter" hash="2C-5C-A1-0B-2D-ED-4F-38-74-56-CD-13-FC-3B-61-2E-57-4C-C9-44">
      <ModulePath>C:\Program Files\dotnet\sdk\3.0.100-preview4-011223\NuGet.Frameworks.dll</ModulePath>
      <ModuleTime>2019-04-16T23:10:08Z</ModuleTime>
      <ModuleName>NuGet.Frameworks</ModuleName>
      <Classes />
    </Module>
    <Module skippedDueTo="Filter" hash="05-9D-EA-3C-40-08-CA-A5-A2-97-5B-A9-77-C2-BC-7B-10-DA-65-CC">
      <ModulePath>C:\Program Files\dotnet\shared\Microsoft.NETCore.App\3.0.0-preview4-27615-11\System.Console.dll</ModulePath>
      <ModuleTime>2019-04-16T03:23:40Z</ModuleTime>
      <ModuleName>System.Console</ModuleName>
      <Classes />
    </Module>
    <Module skippedDueTo="Filter" hash="EE-DD-D1-E0-F2-54-DE-9B-4F-74-AE-EC-D0-DC-3C-22-AE-61-5F-A1">
      <ModulePath>C:\Program Files\dotnet\shared\Microsoft.NETCore.App\3.0.0-preview4-27615-11\System.Text.Encoding.Extensions.dll</ModulePath>
      <ModuleTime>2019-04-16T03:23:48Z</ModuleTime>
      <ModuleName>System.Text.Encoding.Extensions</ModuleName>
      <Classes />
    </Module>
    <Module skippedDueTo="Filter" hash="1C-60-34-0C-E7-3E-33-34-5D-E7-72-99-58-75-B5-1C-B8-F6-0A-CA">
      <ModulePath>C:\Program Files\dotnet\shared\Microsoft.NETCore.App\3.0.0-preview4-27615-11\System.IO.dll</ModulePath>
      <ModuleTime>2019-04-16T03:24:00Z</ModuleTime>
      <ModuleName>System.IO</ModuleName>
      <Classes />
    </Module>
    <Module skippedDueTo="Filter" hash="ED-2C-CB-21-C6-A6-2E-AA-14-CB-05-C7-6B-D3-3F-5C-D6-AA-3C-9E">
      <ModulePath>C:\Program Files\dotnet\shared\Microsoft.NETCore.App\3.0.0-preview4-27615-11\System.Reflection.dll</ModulePath>
      <ModuleTime>2019-04-16T03:23:40Z</ModuleTime>
      <ModuleName>System.Reflection</ModuleName>
      <Classes />
    </Module>
    <Module skippedDueTo="Filter" hash="95-BA-89-EF-91-79-03-A5-95-76-A8-4A-7E-EE-96-FE-3F-A9-05-D1">
      <ModulePath>C:\Program Files\dotnet\shared\Microsoft.NETCore.App\3.0.0-preview4-27615-11\System.Runtime.Handles.dll</ModulePath>
      <ModuleTime>2019-04-16T03:23:46Z</ModuleTime>
      <ModuleName>System.Runtime.Handles</ModuleName>
      <Classes />
    </Module>
    <Module skippedDueTo="Filter" hash="37-25-F5-53-69-06-73-D3-FC-05-CB-1A-C1-00-2E-B6-7C-3F-BB-AD">
      <ModulePath>C:\Program Files\dotnet\sdk\3.0.100-preview4-011223\Microsoft.ApplicationInsights.dll</ModulePath>
      <ModuleTime>2019-04-16T23:09:56Z</ModuleTime>
      <ModuleName>Microsoft.ApplicationInsights</ModuleName>
      <Classes />
    </Module>
    <Module skippedDueTo="Filter" hash="E1-0A-80-CD-8F-EF-EB-12-B1-DF-41-2A-11-BE-B8-6C-A3-89-ED-73">
      <ModulePath>C:\Program Files\dotnet\shared\Microsoft.NETCore.App\3.0.0-preview4-27615-11\System.Security.Cryptography.Algorithms.dll</ModulePath>
      <ModuleTime>2019-04-16T03:23:46Z</ModuleTime>
      <ModuleName>System.Security.Cryptography.Algorithms</ModuleName>
      <Classes />
    </Module>
    <Module skippedDueTo="Filter" hash="68-D3-65-82-2C-3F-3B-BD-5D-25-BF-41-88-25-87-82-D2-D9-E2-9E">
      <ModulePath>C:\Program Files\dotnet\shared\Microsoft.NETCore.App\3.0.0-preview4-27615-11\System.Buffers.dll</ModulePath>
      <ModuleTime>2019-04-16T03:23:40Z</ModuleTime>
      <ModuleName>System.Buffers</ModuleName>
      <Classes />
    </Module>
    <Module skippedDueTo="Filter" hash="44-F3-8B-C6-5F-2E-22-A3-1E-4C-BC-0F-BD-0F-39-75-99-90-93-39">
      <ModulePath>C:\Program Files\dotnet\shared\Microsoft.NETCore.App\3.0.0-preview4-27615-11\System.Security.Cryptography.Primitives.dll</ModulePath>
      <ModuleTime>2019-04-16T03:23:48Z</ModuleTime>
      <ModuleName>System.Security.Cryptography.Primitives</ModuleName>
      <Classes />
    </Module>
    <Module skippedDueTo="Filter" hash="E5-A6-47-DF-7F-E4-65-88-D3-C0-EE-4B-E6-DA-95-4E-46-94-04-F6">
      <ModulePath>C:\Program Files\dotnet\shared\Microsoft.NETCore.App\3.0.0-preview4-27615-11\System.Private.Uri.dll</ModulePath>
      <ModuleTime>2019-04-16T03:23:44Z</ModuleTime>
      <ModuleName>System.Private.Uri</ModuleName>
      <Classes />
    </Module>
    <Module skippedDueTo="Filter" hash="45-E9-F9-26-BD-40-49-81-13-EA-97-BD-B2-BD-DE-83-1B-D4-27-1E">
      <ModulePath>C:\Program Files\dotnet\sdk\3.0.100-preview4-011223\Microsoft.TemplateEngine.Cli.dll</ModulePath>
      <ModuleTime>2019-04-16T23:10:02Z</ModuleTime>
      <ModuleName>Microsoft.TemplateEngine.Cli</ModuleName>
      <Classes />
    </Module>
    <Module skippedDueTo="Filter" hash="12-23-6B-43-AB-AE-E2-51-68-AC-C7-71-5B-96-82-CF-3F-9A-8E-16">
      <ModulePath>C:\Program Files\dotnet\shared\Microsoft.NETCore.App\3.0.0-preview4-27615-11\System.Reflection.Extensions.dll</ModulePath>
      <ModuleTime>2019-04-16T03:23:44Z</ModuleTime>
      <ModuleName>System.Reflection.Extensions</ModuleName>
      <Classes />
    </Module>
    <Module skippedDueTo="Filter" hash="57-C4-9B-F6-CB-BC-4B-ED-1E-31-6F-A1-BF-AE-3F-31-7F-EB-B2-A3">
      <ModulePath>C:\Program Files\dotnet\shared\Microsoft.NETCore.App\3.0.0-preview4-27615-11\System.Xml.XDocument.dll</ModulePath>
      <ModuleTime>2019-04-16T03:23:42Z</ModuleTime>
      <ModuleName>System.Xml.XDocument</ModuleName>
      <Classes />
    </Module>
    <Module skippedDueTo="Filter" hash="AF-5F-AA-14-23-25-6F-94-47-E8-1D-24-DD-99-4D-63-31-0D-D8-62">
      <ModulePath>C:\Program Files\dotnet\shared\Microsoft.NETCore.App\3.0.0-preview4-27615-11\System.Private.Xml.Linq.dll</ModulePath>
      <ModuleTime>2019-04-16T03:23:48Z</ModuleTime>
      <ModuleName>System.Private.Xml.Linq</ModuleName>
      <Classes />
    </Module>
    <Module skippedDueTo="Filter" hash="1D-41-6E-A7-0F-4B-2A-D1-4D-20-9D-CE-1E-13-E9-D0-AF-A7-C0-88">
      <ModulePath>C:\Program Files\dotnet\shared\Microsoft.NETCore.App\3.0.0-preview4-27615-11\System.Resources.ResourceManager.dll</ModulePath>
      <ModuleTime>2019-04-16T03:23:42Z</ModuleTime>
      <ModuleName>System.Resources.ResourceManager</ModuleName>
      <Classes />
    </Module>
    <Module skippedDueTo="Filter" hash="6D-E3-3A-AE-43-25-21-AD-B7-05-03-EC-9F-42-D2-51-AE-EB-44-74">
      <ModulePath>C:\Program Files\dotnet\shared\Microsoft.NETCore.App\3.0.0-preview4-27615-11\System.Private.Xml.dll</ModulePath>
      <ModuleTime>2019-04-16T03:23:46Z</ModuleTime>
      <ModuleName>System.Private.Xml</ModuleName>
      <Classes />
    </Module>
    <Module skippedDueTo="Filter" hash="AB-A7-33-AC-8B-11-53-07-96-AD-2A-7A-7D-9D-8A-66-49-6F-77-2C">
      <ModulePath>C:\Program Files\dotnet\shared\Microsoft.NETCore.App\3.0.0-preview4-27615-11\System.Text.RegularExpressions.dll</ModulePath>
      <ModuleTime>2019-04-16T03:23:54Z</ModuleTime>
      <ModuleName>System.Text.RegularExpressions</ModuleName>
      <Classes />
    </Module>
    <Module skippedDueTo="Filter" hash="B7-22-1E-F8-28-68-8D-CF-CB-9B-EA-42-63-07-B1-28-D5-BD-94-C6">
      <ModulePath>C:\Program Files\dotnet\shared\Microsoft.NETCore.App\3.0.0-preview4-27615-11\System.Xml.ReaderWriter.dll</ModulePath>
      <ModuleTime>2019-04-16T03:23:38Z</ModuleTime>
      <ModuleName>System.Xml.ReaderWriter</ModuleName>
      <Classes />
    </Module>
    <Module skippedDueTo="Filter" hash="DF-1E-22-28-3C-D3-A6-76-C2-70-67-CB-52-E3-29-AC-0B-5D-75-7D">
      <ModulePath>C:\Program Files\dotnet\shared\Microsoft.NETCore.App\3.0.0-preview4-27615-11\System.Diagnostics.Tracing.dll</ModulePath>
      <ModuleTime>2019-04-16T03:23:58Z</ModuleTime>
      <ModuleName>System.Diagnostics.Tracing</ModuleName>
      <Classes />
    </Module>
    <Module skippedDueTo="Filter" hash="23-4F-99-CF-0C-A8-07-DC-07-67-85-14-64-44-33-A5-A6-73-3A-09">
      <ModulePath>C:\Program Files\dotnet\shared\Microsoft.NETCore.App\3.0.0-preview4-27615-11\System.Threading.Tasks.dll</ModulePath>
      <ModuleTime>2019-04-16T03:23:48Z</ModuleTime>
      <ModuleName>System.Threading.Tasks</ModuleName>
      <Classes />
    </Module>
    <Module skippedDueTo="Filter" hash="17-E7-58-E4-CB-17-63-C9-29-B7-58-C3-E4-01-3A-A7-66-47-C9-5A">
      <ModulePath>C:\Program Files\dotnet\shared\Microsoft.NETCore.App\3.0.0-preview4-27615-11\System.Globalization.dll</ModulePath>
      <ModuleTime>2019-04-16T03:23:50Z</ModuleTime>
      <ModuleName>System.Globalization</ModuleName>
      <Classes />
    </Module>
    <Module skippedDueTo="Filter" hash="9B-DB-40-DD-7D-A5-D3-E4-D0-F1-9E-45-82-7F-34-F8-8F-23-79-AC">
      <ModulePath>C:\Program Files\dotnet\shared\Microsoft.NETCore.App\3.0.0-preview4-27615-11\System.Reflection.Emit.ILGeneration.dll</ModulePath>
      <ModuleTime>2019-04-16T03:23:18Z</ModuleTime>
      <ModuleName>System.Reflection.Emit.ILGeneration</ModuleName>
      <Classes />
    </Module>
    <Module skippedDueTo="Filter" hash="96-1C-5B-87-B1-1D-96-B0-CA-44-2A-81-0C-93-D4-32-55-20-4F-94">
      <ModulePath>C:\Program Files\dotnet\shared\Microsoft.NETCore.App\3.0.0-preview4-27615-11\System.Reflection.Emit.Lightweight.dll</ModulePath>
      <ModuleTime>2019-04-16T03:23:46Z</ModuleTime>
      <ModuleName>System.Reflection.Emit.Lightweight</ModuleName>
      <Classes />
    </Module>
    <Module skippedDueTo="Filter" hash="79-AC-28-AA-1A-78-50-CC-FC-01-68-D7-3D-EB-B3-53-EE-1C-37-3F">
      <ModulePath>C:\Program Files\dotnet\shared\Microsoft.NETCore.App\3.0.0-preview4-27615-11\System.Reflection.Primitives.dll</ModulePath>
      <ModuleTime>2019-04-16T03:23:38Z</ModuleTime>
      <ModuleName>System.Reflection.Primitives</ModuleName>
      <Classes />
    </Module>
    <Module skippedDueTo="Filter" hash="E5-C3-E7-2E-44-AC-26-2A-B9-7B-B0-4D-EC-B2-9E-36-2B-98-89-DF">
      <ModulePath>C:\Program Files\dotnet\sdk\3.0.100-preview4-011223\Microsoft.TemplateEngine.Utils.dll</ModulePath>
      <ModuleTime>2019-04-16T23:10:04Z</ModuleTime>
      <ModuleName>Microsoft.TemplateEngine.Utils</ModuleName>
      <Classes />
    </Module>
    <Module skippedDueTo="Filter" hash="87-75-B3-D8-6E-A1-F4-0E-96-ED-3F-3A-44-A2-79-1C-3C-A4-0D-6D">
      <ModulePath>C:\Program Files\dotnet\shared\Microsoft.NETCore.App\3.0.0-preview4-27615-11\Microsoft.Win32.Registry.dll</ModulePath>
      <ModuleTime>2019-04-16T03:23:44Z</ModuleTime>
      <ModuleName>Microsoft.Win32.Registry</ModuleName>
      <Classes />
    </Module>
    <Module skippedDueTo="Filter" hash="2A-A0-3B-7A-49-CE-A7-78-86-DE-AE-7B-D7-9C-18-F2-61-D2-B1-D0">
      <ModulePath>C:\Program Files\dotnet\shared\Microsoft.NETCore.App\3.0.0-preview4-27615-11\System.Diagnostics.Tools.dll</ModulePath>
      <ModuleTime>2019-04-16T03:23:42Z</ModuleTime>
      <ModuleName>System.Diagnostics.Tools</ModuleName>
      <Classes />
    </Module>
    <Module skippedDueTo="Filter" hash="A2-42-34-D3-49-74-21-95-CD-2F-BA-4F-D7-4B-BC-60-3A-51-EF-AF">
      <ModulePath>C:\Program Files\dotnet\shared\Microsoft.NETCore.App\3.0.0-preview4-27615-11\System.Diagnostics.Debug.dll</ModulePath>
      <ModuleTime>2019-04-16T03:23:44Z</ModuleTime>
      <ModuleName>System.Diagnostics.Debug</ModuleName>
      <Classes />
    </Module>
    <Module skippedDueTo="Filter" hash="2F-1A-68-6C-53-7A-59-0D-79-28-BF-BC-7E-18-93-F6-82-04-14-0B">
      <ModulePath>C:\Program Files\dotnet\shared\Microsoft.NETCore.App\3.0.0-preview4-27615-11\System.IO.Compression.dll</ModulePath>
      <ModuleTime>2019-04-16T03:24:00Z</ModuleTime>
      <ModuleName>System.IO.Compression</ModuleName>
      <Classes />
    </Module>
    <Module skippedDueTo="Filter" hash="F4-03-04-B5-6D-62-E3-7E-79-40-FF-D3-29-BB-19-D4-08-E3-72-4E">
      <ModulePath>C:\Program Files\dotnet\shared\Microsoft.NETCore.App\3.0.0-preview4-27615-11\System.Net.Http.dll</ModulePath>
      <ModuleTime>2019-04-16T03:23:56Z</ModuleTime>
      <ModuleName>System.Net.Http</ModuleName>
      <Classes />
    </Module>
    <Module skippedDueTo="Filter" hash="BB-A4-9F-2D-BA-B1-72-B5-78-4E-3C-65-60-B0-5F-3A-EB-96-FF-E3">
      <ModulePath>C:\Program Files\dotnet\shared\Microsoft.NETCore.App\3.0.0-preview4-27615-11\System.Net.Primitives.dll</ModulePath>
      <ModuleTime>2019-04-16T03:23:18Z</ModuleTime>
      <ModuleName>System.Net.Primitives</ModuleName>
      <Classes />
    </Module>
    <Module skippedDueTo="Filter" hash="05-F6-75-2E-CF-DB-9F-B2-FA-9B-22-04-6B-C5-8B-90-88-5E-95-CD">
      <ModulePath>C:\Program Files\dotnet\sdk\3.0.100-preview4-011223\Microsoft.Build.Framework.dll</ModulePath>
      <ModuleTime>2019-04-16T23:09:50Z</ModuleTime>
      <ModuleName>Microsoft.Build.Framework</ModuleName>
      <Classes />
    </Module>
    <Module skippedDueTo="Filter" hash="5C-42-FE-83-91-58-EC-66-3C-FA-77-0F-C8-CA-5A-C5-03-0C-88-8F">
      <ModulePath>C:\Program Files\dotnet\shared\Microsoft.NETCore.App\3.0.0-preview4-27615-11\System.Net.Security.dll</ModulePath>
      <ModuleTime>2019-04-16T03:23:44Z</ModuleTime>
      <ModuleName>System.Net.Security</ModuleName>
      <Classes />
    </Module>
    <Module skippedDueTo="Filter" hash="E4-F8-9D-21-92-48-C7-B8-9B-30-21-A2-13-C5-CD-40-95-06-8E-25">
      <ModulePath>C:\Program Files\dotnet\shared\Microsoft.NETCore.App\3.0.0-preview4-27615-11\System.Security.Cryptography.X509Certificates.dll</ModulePath>
      <ModuleTime>2019-04-16T03:23:52Z</ModuleTime>
      <ModuleName>System.Security.Cryptography.X509Certificates</ModuleName>
      <Classes />
    </Module>
    <Module skippedDueTo="Filter" hash="6D-2A-A8-43-7B-F2-DD-91-6D-23-76-4A-CD-6E-1B-17-EC-5D-2E-8C">
      <ModulePath>C:\Program Files\dotnet\shared\Microsoft.NETCore.App\3.0.0-preview4-27615-11\System.ComponentModel.Primitives.dll</ModulePath>
      <ModuleTime>2019-04-16T03:23:46Z</ModuleTime>
      <ModuleName>System.ComponentModel.Primitives</ModuleName>
      <Classes />
    </Module>
    <Module skippedDueTo="Filter" hash="B9-81-29-52-F8-90-99-B9-1D-33-E7-3D-85-C8-29-94-BE-FC-F3-D6">
      <ModulePath>C:\Program Files\dotnet\shared\Microsoft.NETCore.App\3.0.0-preview4-27615-11\Microsoft.Win32.Primitives.dll</ModulePath>
      <ModuleTime>2019-04-16T03:23:48Z</ModuleTime>
      <ModuleName>Microsoft.Win32.Primitives</ModuleName>
      <Classes />
    </Module>
    <Module skippedDueTo="Filter" hash="DB-4D-0C-ED-10-05-11-95-7E-9F-5F-B5-43-65-F6-B9-1A-13-49-49">
      <ModulePath>C:\Program Files\dotnet\shared\Microsoft.NETCore.App\3.0.0-preview4-27615-11\System.Private.CoreLib.dll</ModulePath>
      <ModuleTime>2019-04-15T23:49:58Z</ModuleTime>
      <ModuleName>System.Private.CoreLib</ModuleName>
      <Classes />
    </Module>
    <Module skippedDueTo="Filter" hash="E1-6B-D7-BD-99-A8-5B-C1-F6-F6-41-D4-1D-62-3C-12-2B-9D-7D-0A">
      <ModulePath>C:\Program Files\dotnet\sdk\3.0.100-preview4-011223\MSBuild.dll</ModulePath>
      <ModuleTime>2019-04-16T23:10:12Z</ModuleTime>
      <ModuleName>MSBuild</ModuleName>
      <Classes />
    </Module>
    <Module skippedDueTo="Filter" hash="60-48-B9-60-7B-BA-CB-B5-35-54-EB-43-C1-B5-5D-21-AA-EB-70-46">
      <ModulePath>C:\Program Files\dotnet\shared\Microsoft.NETCore.App\3.0.0-preview4-27615-11\System.Runtime.dll</ModulePath>
      <ModuleTime>2019-04-16T03:23:44Z</ModuleTime>
      <ModuleName>System.Runtime</ModuleName>
      <Classes />
    </Module>
    <Module skippedDueTo="Filter" hash="E7-76-29-D8-B4-03-E9-56-10-2D-E3-62-30-4D-8B-FD-C5-AF-8C-02">
      <ModulePath>C:\Program Files\dotnet\shared\Microsoft.NETCore.App\3.0.0-preview4-27615-11\System.Runtime.Extensions.dll</ModulePath>
      <ModuleTime>2019-04-16T03:23:48Z</ModuleTime>
      <ModuleName>System.Runtime.Extensions</ModuleName>
      <Classes />
    </Module>
    <Module skippedDueTo="Filter" hash="14-0E-E0-D9-0C-7E-9E-00-08-7D-87-94-13-14-EE-DD-2F-87-1F-21">
      <ModulePath>C:\Program Files\dotnet\shared\Microsoft.NETCore.App\3.0.0-preview4-27615-11\System.Threading.dll</ModulePath>
      <ModuleTime>2019-04-16T03:23:50Z</ModuleTime>
      <ModuleName>System.Threading</ModuleName>
      <Classes />
    </Module>
    <Module skippedDueTo="Filter" hash="23-4F-99-CF-0C-A8-07-DC-07-67-85-14-64-44-33-A5-A6-73-3A-09">
      <ModulePath>C:\Program Files\dotnet\shared\Microsoft.NETCore.App\3.0.0-preview4-27615-11\System.Threading.Tasks.dll</ModulePath>
      <ModuleTime>2019-04-16T03:23:48Z</ModuleTime>
      <ModuleName>System.Threading.Tasks</ModuleName>
      <Classes />
    </Module>
    <Module skippedDueTo="Filter" hash="27-4C-6B-33-27-4A-37-93-67-AD-F8-54-39-72-23-8E-85-30-30-51">
      <ModulePath>C:\Program Files\dotnet\shared\Microsoft.NETCore.App\3.0.0-preview4-27615-11\System.Runtime.InteropServices.RuntimeInformation.dll</ModulePath>
      <ModuleTime>2019-04-16T03:23:40Z</ModuleTime>
      <ModuleName>System.Runtime.InteropServices.RuntimeInformation</ModuleName>
      <Classes />
    </Module>
    <Module skippedDueTo="Filter" hash="86-97-99-B7-3F-55-7C-F5-EF-C0-7D-0A-66-D0-6A-56-4C-CC-4D-3A">
      <ModulePath>C:\Program Files\dotnet\shared\Microsoft.NETCore.App\3.0.0-preview4-27615-11\System.Linq.dll</ModulePath>
      <ModuleTime>2019-04-16T03:24:02Z</ModuleTime>
      <ModuleName>System.Linq</ModuleName>
      <Classes />
    </Module>
    <Module skippedDueTo="Filter" hash="AB-A7-33-AC-8B-11-53-07-96-AD-2A-7A-7D-9D-8A-66-49-6F-77-2C">
      <ModulePath>C:\Program Files\dotnet\shared\Microsoft.NETCore.App\3.0.0-preview4-27615-11\System.Text.RegularExpressions.dll</ModulePath>
      <ModuleTime>2019-04-16T03:23:54Z</ModuleTime>
      <ModuleName>System.Text.RegularExpressions</ModuleName>
      <Classes />
    </Module>
    <Module skippedDueTo="Filter" hash="AE-BE-49-85-46-5E-65-A0-D0-57-DC-75-8E-0A-16-3D-6F-AC-41-49">
      <ModulePath>C:\Program Files\dotnet\shared\Microsoft.NETCore.App\3.0.0-preview4-27615-11\System.Collections.dll</ModulePath>
      <ModuleTime>2019-04-16T03:23:44Z</ModuleTime>
      <ModuleName>System.Collections</ModuleName>
      <Classes />
    </Module>
    <Module skippedDueTo="Filter" hash="36-1E-4E-4A-8E-D5-E4-E3-65-B8-34-AC-40-EF-09-1B-5E-A4-78-5D">
      <ModulePath>C:\Program Files\dotnet\shared\Microsoft.NETCore.App\3.0.0-preview4-27615-11\System.Memory.dll</ModulePath>
      <ModuleTime>2019-04-16T03:24:02Z</ModuleTime>
      <ModuleName>System.Memory</ModuleName>
      <Classes />
    </Module>
    <Module skippedDueTo="Filter" hash="68-D3-65-82-2C-3F-3B-BD-5D-25-BF-41-88-25-87-82-D2-D9-E2-9E">
      <ModulePath>C:\Program Files\dotnet\shared\Microsoft.NETCore.App\3.0.0-preview4-27615-11\System.Buffers.dll</ModulePath>
      <ModuleTime>2019-04-16T03:23:40Z</ModuleTime>
      <ModuleName>System.Buffers</ModuleName>
      <Classes />
    </Module>
    <Module skippedDueTo="Filter" hash="A9-87-1F-FB-FF-44-B5-F1-78-56-94-82-A7-12-00-8D-85-4B-CB-B5">
      <ModulePath>C:\Program Files\dotnet\shared\Microsoft.NETCore.App\3.0.0-preview4-27615-11\System.IO.FileSystem.dll</ModulePath>
      <ModuleTime>2019-04-16T03:23:58Z</ModuleTime>
      <ModuleName>System.IO.FileSystem</ModuleName>
      <Classes />
    </Module>
    <Module skippedDueTo="Filter" hash="42-57-AC-B3-50-B1-7F-77-39-72-58-62-9D-6C-40-A3-2D-E9-F3-5D">
      <ModulePath>C:\Program Files\dotnet\shared\Microsoft.NETCore.App\3.0.0-preview4-27615-11\System.Runtime.InteropServices.dll</ModulePath>
      <ModuleTime>2019-04-16T03:23:50Z</ModuleTime>
      <ModuleName>System.Runtime.InteropServices</ModuleName>
      <Classes />
    </Module>
    <Module skippedDueTo="Filter" hash="05-9D-EA-3C-40-08-CA-A5-A2-97-5B-A9-77-C2-BC-7B-10-DA-65-CC">
      <ModulePath>C:\Program Files\dotnet\shared\Microsoft.NETCore.App\3.0.0-preview4-27615-11\System.Console.dll</ModulePath>
      <ModuleTime>2019-04-16T03:23:40Z</ModuleTime>
      <ModuleName>System.Console</ModuleName>
      <Classes />
    </Module>
    <Module skippedDueTo="Filter" hash="8F-66-44-42-8E-C1-E8-6F-5B-B7-6E-FB-BF-5E-B7-54-3A-23-8F-4A">
      <ModulePath>C:\Program Files\dotnet\shared\Microsoft.NETCore.App\3.0.0-preview4-27615-11\System.Diagnostics.Process.dll</ModulePath>
      <ModuleTime>2019-04-16T03:23:42Z</ModuleTime>
      <ModuleName>System.Diagnostics.Process</ModuleName>
      <Classes />
    </Module>
    <Module skippedDueTo="Filter" hash="6D-2A-A8-43-7B-F2-DD-91-6D-23-76-4A-CD-6E-1B-17-EC-5D-2E-8C">
      <ModulePath>C:\Program Files\dotnet\shared\Microsoft.NETCore.App\3.0.0-preview4-27615-11\System.ComponentModel.Primitives.dll</ModulePath>
      <ModuleTime>2019-04-16T03:23:46Z</ModuleTime>
      <ModuleName>System.ComponentModel.Primitives</ModuleName>
      <Classes />
    </Module>
    <Module skippedDueTo="Filter" hash="05-F6-75-2E-CF-DB-9F-B2-FA-9B-22-04-6B-C5-8B-90-88-5E-95-CD">
      <ModulePath>C:\Program Files\dotnet\sdk\3.0.100-preview4-011223\Microsoft.Build.Framework.dll</ModulePath>
      <ModuleTime>2019-04-16T23:09:50Z</ModuleTime>
      <ModuleName>Microsoft.Build.Framework</ModuleName>
      <Classes />
    </Module>
    <Module skippedDueTo="Filter" hash="CC-E9-B1-B3-7D-DA-80-A0-A8-CF-1F-59-25-C4-35-B2-76-40-5E-8B">
      <ModulePath>C:\Program Files\dotnet\shared\Microsoft.NETCore.App\3.0.0-preview4-27615-11\netstandard.dll</ModulePath>
      <ModuleTime>2019-04-16T03:23:48Z</ModuleTime>
      <ModuleName>netstandard</ModuleName>
      <Classes />
    </Module>
    <Module skippedDueTo="Filter" hash="BB-7B-17-CE-23-E0-CE-20-FA-9A-0B-D2-7A-26-66-7D-B7-97-1C-F1">
      <ModulePath>C:\Program Files\dotnet\sdk\3.0.100-preview4-011223\Microsoft.Build.dll</ModulePath>
      <ModuleTime>2019-04-16T23:09:52Z</ModuleTime>
      <ModuleName>Microsoft.Build</ModuleName>
      <Classes />
    </Module>
    <Module skippedDueTo="Filter" hash="A2-42-34-D3-49-74-21-95-CD-2F-BA-4F-D7-4B-BC-60-3A-51-EF-AF">
      <ModulePath>C:\Program Files\dotnet\shared\Microsoft.NETCore.App\3.0.0-preview4-27615-11\System.Diagnostics.Debug.dll</ModulePath>
      <ModuleTime>2019-04-16T03:23:44Z</ModuleTime>
      <ModuleName>System.Diagnostics.Debug</ModuleName>
      <Classes />
    </Module>
    <Module skippedDueTo="Filter" hash="04-6C-CA-27-8A-7F-C9-91-A2-FF-20-86-81-22-E2-3C-3B-40-8A-D7">
      <ModulePath>C:\Program Files\dotnet\sdk\3.0.100-preview4-011223\runtimes\win\lib\netstandard1.3\System.Text.Encoding.CodePages.dll</ModulePath>
      <ModuleTime>2019-04-16T23:09:54Z</ModuleTime>
      <ModuleName>System.Text.Encoding.CodePages</ModuleName>
      <Classes />
    </Module>
    <Module skippedDueTo="Filter" hash="6D-02-BD-EA-19-B6-15-25-92-B5-E1-8B-C4-B8-46-5C-FB-6F-0F-28">
      <ModulePath>C:\Program Files\dotnet\shared\Microsoft.NETCore.App\3.0.0-preview4-27615-11\System.Text.Encoding.dll</ModulePath>
      <ModuleTime>2019-04-16T03:23:48Z</ModuleTime>
      <ModuleName>System.Text.Encoding</ModuleName>
      <Classes />
    </Module>
    <Module skippedDueTo="Filter" hash="AA-59-B9-99-08-E1-D0-0C-1F-49-ED-71-9A-F7-21-4A-F2-87-07-7C">
      <ModulePath>C:\Program Files\dotnet\shared\Microsoft.NETCore.App\3.0.0-preview4-27615-11\System.Collections.Concurrent.dll</ModulePath>
      <ModuleTime>2019-04-16T03:23:40Z</ModuleTime>
      <ModuleName>System.Collections.Concurrent</ModuleName>
      <Classes />
    </Module>
    <Module skippedDueTo="Filter" hash="9D-E8-FE-16-76-6A-28-A8-39-C1-84-7D-E8-4C-9C-7D-CC-F5-CB-4F">
      <ModulePath>C:\Program Files\dotnet\sdk\3.0.100-preview4-011223\dotnet.dll</ModulePath>
      <ModuleTime>2019-04-16T23:09:56Z</ModuleTime>
      <ModuleName>dotnet</ModuleName>
      <Classes />
    </Module>
    <Module skippedDueTo="Filter" hash="F8-1F-66-A3-90-10-74-A3-78-4F-84-84-17-8E-EB-78-94-DC-60-17">
      <ModulePath>C:\Program Files\dotnet\sdk\3.0.100-preview4-011223\Microsoft.DotNet.Tools.MigrateCommand.dll</ModulePath>
      <ModuleTime>2019-04-16T23:10:00Z</ModuleTime>
      <ModuleName>Microsoft.DotNet.Tools.MigrateCommand</ModuleName>
      <Classes />
    </Module>
    <Module skippedDueTo="Filter" hash="76-83-85-82-49-4F-85-BD-58-7F-86-AB-B7-2D-D5-2C-C3-43-EE-75">
      <ModulePath>C:\Program Files\dotnet\sdk\3.0.100-preview4-011223\Microsoft.DotNet.Configurer.dll</ModulePath>
      <ModuleTime>2019-04-16T23:10:02Z</ModuleTime>
      <ModuleName>Microsoft.DotNet.Configurer</ModuleName>
      <Classes />
    </Module>
    <Module skippedDueTo="Filter" hash="1D-1E-E6-8D-9B-64-B9-54-DB-77-81-86-FF-1F-23-E9-32-5E-C3-A4">
      <ModulePath>C:\Program Files\dotnet\sdk\3.0.100-preview4-011223\Microsoft.DotNet.InternalAbstractions.dll</ModulePath>
      <ModuleTime>2019-04-16T23:09:58Z</ModuleTime>
      <ModuleName>Microsoft.DotNet.InternalAbstractions</ModuleName>
      <Classes />
    </Module>
    <Module skippedDueTo="Filter" hash="13-E7-A1-08-42-7B-CB-55-2E-FF-8B-2B-B6-2A-51-18-13-8A-39-C7">
      <ModulePath>C:\Program Files\dotnet\sdk\3.0.100-preview4-011223\Microsoft.DotNet.Cli.Utils.dll</ModulePath>
      <ModuleTime>2019-04-16T23:09:56Z</ModuleTime>
      <ModuleName>Microsoft.DotNet.Cli.Utils</ModuleName>
      <Classes />
    </Module>
    <Module skippedDueTo="Filter" hash="EE-DD-D1-E0-F2-54-DE-9B-4F-74-AE-EC-D0-DC-3C-22-AE-61-5F-A1">
      <ModulePath>C:\Program Files\dotnet\shared\Microsoft.NETCore.App\3.0.0-preview4-27615-11\System.Text.Encoding.Extensions.dll</ModulePath>
      <ModuleTime>2019-04-16T03:23:48Z</ModuleTime>
      <ModuleName>System.Text.Encoding.Extensions</ModuleName>
      <Classes />
    </Module>
    <Module skippedDueTo="Filter" hash="37-25-F5-53-69-06-73-D3-FC-05-CB-1A-C1-00-2E-B6-7C-3F-BB-AD">
      <ModulePath>C:\Program Files\dotnet\sdk\3.0.100-preview4-011223\Microsoft.ApplicationInsights.dll</ModulePath>
      <ModuleTime>2019-04-16T23:09:56Z</ModuleTime>
      <ModuleName>Microsoft.ApplicationInsights</ModuleName>
      <Classes />
    </Module>
    <Module skippedDueTo="Filter" hash="A1-70-81-98-15-49-BF-FC-18-17-91-81-C6-C6-2D-44-40-FF-76-45">
      <ModulePath>C:\Program Files\dotnet\sdk\3.0.100-preview4-011223\Microsoft.DotNet.PlatformAbstractions.dll</ModulePath>
      <ModuleTime>2019-04-16T23:10:00Z</ModuleTime>
      <ModuleName>Microsoft.DotNet.PlatformAbstractions</ModuleName>
      <Classes />
    </Module>
    <Module skippedDueTo="Filter" hash="1C-60-34-0C-E7-3E-33-34-5D-E7-72-99-58-75-B5-1C-B8-F6-0A-CA">
      <ModulePath>C:\Program Files\dotnet\shared\Microsoft.NETCore.App\3.0.0-preview4-27615-11\System.IO.dll</ModulePath>
      <ModuleTime>2019-04-16T03:24:00Z</ModuleTime>
      <ModuleName>System.IO</ModuleName>
      <Classes />
    </Module>
    <Module skippedDueTo="Filter" hash="ED-2C-CB-21-C6-A6-2E-AA-14-CB-05-C7-6B-D3-3F-5C-D6-AA-3C-9E">
      <ModulePath>C:\Program Files\dotnet\shared\Microsoft.NETCore.App\3.0.0-preview4-27615-11\System.Reflection.dll</ModulePath>
      <ModuleTime>2019-04-16T03:23:40Z</ModuleTime>
      <ModuleName>System.Reflection</ModuleName>
      <Classes />
    </Module>
    <Module skippedDueTo="Filter" hash="E5-A6-47-DF-7F-E4-65-88-D3-C0-EE-4B-E6-DA-95-4E-46-94-04-F6">
      <ModulePath>C:\Program Files\dotnet\shared\Microsoft.NETCore.App\3.0.0-preview4-27615-11\System.Private.Uri.dll</ModulePath>
      <ModuleTime>2019-04-16T03:23:44Z</ModuleTime>
      <ModuleName>System.Private.Uri</ModuleName>
      <Classes />
    </Module>
    <Module skippedDueTo="Filter" hash="95-BA-89-EF-91-79-03-A5-95-76-A8-4A-7E-EE-96-FE-3F-A9-05-D1">
      <ModulePath>C:\Program Files\dotnet\shared\Microsoft.NETCore.App\3.0.0-preview4-27615-11\System.Runtime.Handles.dll</ModulePath>
      <ModuleTime>2019-04-16T03:23:46Z</ModuleTime>
      <ModuleName>System.Runtime.Handles</ModuleName>
      <Classes />
    </Module>
    <Module skippedDueTo="Filter" hash="12-23-6B-43-AB-AE-E2-51-68-AC-C7-71-5B-96-82-CF-3F-9A-8E-16">
      <ModulePath>C:\Program Files\dotnet\shared\Microsoft.NETCore.App\3.0.0-preview4-27615-11\System.Reflection.Extensions.dll</ModulePath>
      <ModuleTime>2019-04-16T03:23:44Z</ModuleTime>
      <ModuleName>System.Reflection.Extensions</ModuleName>
      <Classes />
    </Module>
    <Module skippedDueTo="Filter" hash="57-C4-9B-F6-CB-BC-4B-ED-1E-31-6F-A1-BF-AE-3F-31-7F-EB-B2-A3">
      <ModulePath>C:\Program Files\dotnet\shared\Microsoft.NETCore.App\3.0.0-preview4-27615-11\System.Xml.XDocument.dll</ModulePath>
      <ModuleTime>2019-04-16T03:23:42Z</ModuleTime>
      <ModuleName>System.Xml.XDocument</ModuleName>
      <Classes />
    </Module>
    <Module skippedDueTo="Filter" hash="AF-5F-AA-14-23-25-6F-94-47-E8-1D-24-DD-99-4D-63-31-0D-D8-62">
      <ModulePath>C:\Program Files\dotnet\shared\Microsoft.NETCore.App\3.0.0-preview4-27615-11\System.Private.Xml.Linq.dll</ModulePath>
      <ModuleTime>2019-04-16T03:23:48Z</ModuleTime>
      <ModuleName>System.Private.Xml.Linq</ModuleName>
      <Classes />
    </Module>
    <Module skippedDueTo="Filter" hash="5D-8F-23-26-BB-FF-C8-39-C4-6D-89-43-8D-AC-22-B1-89-1F-F0-C2">
      <ModulePath>C:\Program Files\dotnet\shared\Microsoft.NETCore.App\3.0.0-preview4-27615-11\System.Threading.Thread.dll</ModulePath>
      <ModuleTime>2019-04-16T03:23:52Z</ModuleTime>
      <ModuleName>System.Threading.Thread</ModuleName>
      <Classes />
    </Module>
    <Module skippedDueTo="Filter" hash="6D-E3-3A-AE-43-25-21-AD-B7-05-03-EC-9F-42-D2-51-AE-EB-44-74">
      <ModulePath>C:\Program Files\dotnet\shared\Microsoft.NETCore.App\3.0.0-preview4-27615-11\System.Private.Xml.dll</ModulePath>
      <ModuleTime>2019-04-16T03:23:46Z</ModuleTime>
      <ModuleName>System.Private.Xml</ModuleName>
      <Classes />
    </Module>
    <Module skippedDueTo="Filter" hash="B7-22-1E-F8-28-68-8D-CF-CB-9B-EA-42-63-07-B1-28-D5-BD-94-C6">
      <ModulePath>C:\Program Files\dotnet\shared\Microsoft.NETCore.App\3.0.0-preview4-27615-11\System.Xml.ReaderWriter.dll</ModulePath>
      <ModuleTime>2019-04-16T03:23:38Z</ModuleTime>
      <ModuleName>System.Xml.ReaderWriter</ModuleName>
      <Classes />
    </Module>
    <Module skippedDueTo="Filter" hash="DF-1E-22-28-3C-D3-A6-76-C2-70-67-CB-52-E3-29-AC-0B-5D-75-7D">
      <ModulePath>C:\Program Files\dotnet\shared\Microsoft.NETCore.App\3.0.0-preview4-27615-11\System.Diagnostics.Tracing.dll</ModulePath>
      <ModuleTime>2019-04-16T03:23:58Z</ModuleTime>
      <ModuleName>System.Diagnostics.Tracing</ModuleName>
      <Classes />
    </Module>
    <Module skippedDueTo="Filter" hash="17-E7-58-E4-CB-17-63-C9-29-B7-58-C3-E4-01-3A-A7-66-47-C9-5A">
      <ModulePath>C:\Program Files\dotnet\shared\Microsoft.NETCore.App\3.0.0-preview4-27615-11\System.Globalization.dll</ModulePath>
      <ModuleTime>2019-04-16T03:23:50Z</ModuleTime>
      <ModuleName>System.Globalization</ModuleName>
      <Classes />
    </Module>
    <Module skippedDueTo="Filter" hash="07-13-FF-1C-5A-F6-B1-9C-7C-5D-A4-1A-CA-DA-4E-D8-9E-85-A6-88">
      <ModulePath>C:\Program Files\dotnet\shared\Microsoft.NETCore.App\3.0.0-preview4-27615-11\System.Threading.Tasks.Dataflow.dll</ModulePath>
      <ModuleTime>2019-04-16T03:23:50Z</ModuleTime>
      <ModuleName>System.Threading.Tasks.Dataflow</ModuleName>
      <Classes />
    </Module>
    <Module skippedDueTo="Filter" hash="E1-0A-80-CD-8F-EF-EB-12-B1-DF-41-2A-11-BE-B8-6C-A3-89-ED-73">
      <ModulePath>C:\Program Files\dotnet\shared\Microsoft.NETCore.App\3.0.0-preview4-27615-11\System.Security.Cryptography.Algorithms.dll</ModulePath>
      <ModuleTime>2019-04-16T03:23:46Z</ModuleTime>
      <ModuleName>System.Security.Cryptography.Algorithms</ModuleName>
      <Classes />
    </Module>
    <Module skippedDueTo="Filter" hash="44-F3-8B-C6-5F-2E-22-A3-1E-4C-BC-0F-BD-0F-39-75-99-90-93-39">
      <ModulePath>C:\Program Files\dotnet\shared\Microsoft.NETCore.App\3.0.0-preview4-27615-11\System.Security.Cryptography.Primitives.dll</ModulePath>
      <ModuleTime>2019-04-16T03:23:48Z</ModuleTime>
      <ModuleName>System.Security.Cryptography.Primitives</ModuleName>
      <Classes />
    </Module>
    <Module skippedDueTo="Filter" hash="87-75-B3-D8-6E-A1-F4-0E-96-ED-3F-3A-44-A2-79-1C-3C-A4-0D-6D">
      <ModulePath>C:\Program Files\dotnet\shared\Microsoft.NETCore.App\3.0.0-preview4-27615-11\Microsoft.Win32.Registry.dll</ModulePath>
      <ModuleTime>2019-04-16T03:23:44Z</ModuleTime>
      <ModuleName>Microsoft.Win32.Registry</ModuleName>
      <Classes />
    </Module>
    <Module skippedDueTo="Filter" hash="1D-41-6E-A7-0F-4B-2A-D1-4D-20-9D-CE-1E-13-E9-D0-AF-A7-C0-88">
      <ModulePath>C:\Program Files\dotnet\shared\Microsoft.NETCore.App\3.0.0-preview4-27615-11\System.Resources.ResourceManager.dll</ModulePath>
      <ModuleTime>2019-04-16T03:23:42Z</ModuleTime>
      <ModuleName>System.Resources.ResourceManager</ModuleName>
      <Classes />
    </Module>
    <Module skippedDueTo="Filter" hash="87-AD-3C-82-E7-95-EB-85-D8-31-81-77-8F-AE-1D-B0-39-D3-61-21">
      <ModulePath>C:\Program Files\dotnet\shared\Microsoft.NETCore.App\3.0.0-preview4-27615-11\System.ObjectModel.dll</ModulePath>
      <ModuleTime>2019-04-16T03:23:42Z</ModuleTime>
      <ModuleName>System.ObjectModel</ModuleName>
      <Classes />
    </Module>
    <Module skippedDueTo="Filter" hash="9B-DB-40-DD-7D-A5-D3-E4-D0-F1-9E-45-82-7F-34-F8-8F-23-79-AC">
      <ModulePath>C:\Program Files\dotnet\shared\Microsoft.NETCore.App\3.0.0-preview4-27615-11\System.Reflection.Emit.ILGeneration.dll</ModulePath>
      <ModuleTime>2019-04-16T03:23:18Z</ModuleTime>
      <ModuleName>System.Reflection.Emit.ILGeneration</ModuleName>
      <Classes />
    </Module>
    <Module skippedDueTo="Filter" hash="96-1C-5B-87-B1-1D-96-B0-CA-44-2A-81-0C-93-D4-32-55-20-4F-94">
      <ModulePath>C:\Program Files\dotnet\shared\Microsoft.NETCore.App\3.0.0-preview4-27615-11\System.Reflection.Emit.Lightweight.dll</ModulePath>
      <ModuleTime>2019-04-16T03:23:46Z</ModuleTime>
      <ModuleName>System.Reflection.Emit.Lightweight</ModuleName>
      <Classes />
    </Module>
    <Module skippedDueTo="Filter" hash="79-AC-28-AA-1A-78-50-CC-FC-01-68-D7-3D-EB-B3-53-EE-1C-37-3F">
      <ModulePath>C:\Program Files\dotnet\shared\Microsoft.NETCore.App\3.0.0-preview4-27615-11\System.Reflection.Primitives.dll</ModulePath>
      <ModuleTime>2019-04-16T03:23:38Z</ModuleTime>
      <ModuleName>System.Reflection.Primitives</ModuleName>
      <Classes />
    </Module>
    <Module skippedDueTo="Filter" hash="A2-A8-3E-67-6D-9D-4B-B3-69-8A-D4-73-34-B9-AB-9D-BF-40-3B-0F">
      <ModulePath>C:\Program Files\dotnet\shared\Microsoft.NETCore.App\3.0.0-preview4-27615-11\System.Diagnostics.TraceSource.dll</ModulePath>
      <ModuleTime>2019-04-16T03:23:58Z</ModuleTime>
      <ModuleName>System.Diagnostics.TraceSource</ModuleName>
      <Classes />
    </Module>
    <Module skippedDueTo="Filter" hash="53-DD-FB-3F-93-93-FC-51-B5-F4-90-EA-F2-0B-DB-3B-7B-EC-E8-C8">
      <ModulePath>C:\Program Files\dotnet\shared\Microsoft.NETCore.App\3.0.0-preview4-27615-11\System.Collections.Immutable.dll</ModulePath>
      <ModuleTime>2019-04-16T03:23:18Z</ModuleTime>
      <ModuleName>System.Collections.Immutable</ModuleName>
      <Classes />
    </Module>
    <Module skippedDueTo="Filter" hash="13-DE-8D-A9-C2-60-B1-C8-F2-DC-69-C2-DB-67-7E-3E-BC-82-C5-40">
      <ModulePath>C:\Program Files\dotnet\shared\Microsoft.NETCore.App\3.0.0-preview4-27615-11\System.Threading.Tasks.Parallel.dll</ModulePath>
      <ModuleTime>2019-04-16T03:23:54Z</ModuleTime>
      <ModuleName>System.Threading.Tasks.Parallel</ModuleName>
      <Classes />
    </Module>
    <Module skippedDueTo="Filter" hash="73-0D-0D-81-86-9B-37-35-FF-D6-AF-32-E1-69-EC-F2-29-95-01-45">
      <ModulePath>C:\Program Files\dotnet\sdk\3.0.100-preview4-011223\Microsoft.Build.Tasks.Core.dll</ModulePath>
      <ModuleTime>2019-04-16T23:09:58Z</ModuleTime>
      <ModuleName>Microsoft.Build.Tasks.Core</ModuleName>
      <Classes />
    </Module>
    <Module skippedDueTo="Filter" hash="A6-71-BD-02-5F-C8-A9-70-F2-D2-6B-83-93-24-D9-58-D3-2B-3D-4E">
      <ModulePath>C:\Program Files\dotnet\sdk\3.0.100-preview4-011223\Microsoft.Build.Utilities.Core.dll</ModulePath>
      <ModuleTime>2019-04-16T23:09:50Z</ModuleTime>
      <ModuleName>Microsoft.Build.Utilities.Core</ModuleName>
      <Classes />
    </Module>
    <Module skippedDueTo="Filter" hash="97-1B-D6-4B-31-FB-C9-76-14-17-90-CE-58-54-92-4F-58-58-29-A3">
      <ModulePath>C:\Program Files\dotnet\sdk\3.0.100-preview4-011223\NuGet.Build.Tasks.dll</ModulePath>
      <ModuleTime>2019-04-16T23:10:04Z</ModuleTime>
      <ModuleName>NuGet.Build.Tasks</ModuleName>
      <Classes />
    </Module>
    <Module skippedDueTo="Filter" hash="84-AC-E7-A9-77-2E-79-7B-6E-C4-E8-DD-4C-8E-63-91-BE-59-1C-49">
      <ModulePath>C:\Program Files\dotnet\sdk\3.0.100-preview4-011223\NuGet.Commands.dll</ModulePath>
      <ModuleTime>2019-04-16T23:10:12Z</ModuleTime>
      <ModuleName>NuGet.Commands</ModuleName>
      <Classes />
    </Module>
    <Module skippedDueTo="Filter" hash="7E-2E-87-90-1A-6C-91-A2-66-7D-91-75-DC-74-23-43-58-03-3F-36">
      <ModulePath>C:\Program Files\dotnet\sdk\3.0.100-preview4-011223\NuGet.Common.dll</ModulePath>
      <ModuleTime>2019-04-16T23:10:06Z</ModuleTime>
      <ModuleName>NuGet.Common</ModuleName>
      <Classes />
    </Module>
    <Module skippedDueTo="Filter" hash="A5-DF-67-46-6C-06-AB-73-73-A9-A9-B7-06-C0-E1-69-4F-C9-1A-14">
      <ModulePath>C:\Program Files\dotnet\shared\Microsoft.NETCore.App\3.0.0-preview4-27615-11\System.Collections.NonGeneric.dll</ModulePath>
      <ModuleTime>2019-04-16T03:23:42Z</ModuleTime>
      <ModuleName>System.Collections.NonGeneric</ModuleName>
      <Classes />
    </Module>
    <Module skippedDueTo="Filter" hash="B9-81-29-52-F8-90-99-B9-1D-33-E7-3D-85-C8-29-94-BE-FC-F3-D6">
      <ModulePath>C:\Program Files\dotnet\shared\Microsoft.NETCore.App\3.0.0-preview4-27615-11\Microsoft.Win32.Primitives.dll</ModulePath>
      <ModuleTime>2019-04-16T03:23:48Z</ModuleTime>
      <ModuleName>Microsoft.Win32.Primitives</ModuleName>
      <Classes />
    </Module>
    <Module skippedDueTo="Filter" hash="63-1F-EB-03-49-E4-F6-10-6D-C7-56-6C-F1-DC-E6-D6-9B-94-B6-87">
      <ModulePath>C:\Program Files\dotnet\shared\Microsoft.NETCore.App\3.0.0-preview4-27615-11\System.Threading.ThreadPool.dll</ModulePath>
      <ModuleTime>2019-04-16T03:23:52Z</ModuleTime>
      <ModuleName>System.Threading.ThreadPool</ModuleName>
      <Classes />
    </Module>
    <Module skippedDueTo="Filter" hash="EF-DB-5A-12-CB-70-07-BA-88-6F-75-33-23-19-9B-73-69-D3-AA-23">
      <ModulePath>C:\Program Files\dotnet\shared\Microsoft.NETCore.App\3.0.0-preview4-27615-11\System.ComponentModel.dll</ModulePath>
      <ModuleTime>2019-04-16T03:23:46Z</ModuleTime>
      <ModuleName>System.ComponentModel</ModuleName>
      <Classes />
    </Module>
    <Module skippedDueTo="Filter" hash="94-C5-DC-AD-7E-64-DD-49-8A-EB-F2-A2-8A-F6-DA-BE-55-DE-20-15">
      <ModulePath>C:\Program Files\dotnet\shared\Microsoft.NETCore.App\3.0.0-preview4-27615-11\System.IO.Pipes.dll</ModulePath>
      <ModuleTime>2019-04-16T03:23:52Z</ModuleTime>
      <ModuleName>System.IO.Pipes</ModuleName>
      <Classes />
    </Module>
    <Module skippedDueTo="Filter" hash="BB-15-E5-11-58-44-C7-D9-BC-90-D4-C5-C5-60-6A-B3-36-77-7A-8A">
      <ModulePath>C:\Program Files\dotnet\shared\Microsoft.NETCore.App\3.0.0-preview4-27615-11\System.Security.Principal.dll</ModulePath>
      <ModuleTime>2019-04-16T03:23:52Z</ModuleTime>
      <ModuleName>System.Security.Principal</ModuleName>
      <Classes />
    </Module>
    <Module skippedDueTo="Filter" hash="01-44-FF-38-B9-BA-99-5E-AD-EC-4F-72-FC-CB-03-FC-54-E4-02-46">
      <ModulePath>C:\Program Files\dotnet\shared\Microsoft.NETCore.App\3.0.0-preview4-27615-11\System.Runtime.Serialization.Xml.dll</ModulePath>
      <ModuleTime>2019-04-16T03:23:42Z</ModuleTime>
      <ModuleName>System.Runtime.Serialization.Xml</ModuleName>
      <Classes />
    </Module>
    <Module skippedDueTo="Filter" hash="F2-51-1F-5A-D2-8C-8E-35-75-EB-F2-DC-70-35-79-49-C1-52-71-B6">
      <ModulePath>C:\Program Files\dotnet\shared\Microsoft.NETCore.App\3.0.0-preview4-27615-11\System.Private.DataContractSerialization.dll</ModulePath>
      <ModuleTime>2019-04-16T03:23:42Z</ModuleTime>
      <ModuleName>System.Private.DataContractSerialization</ModuleName>
      <Classes />
    </Module>
    <Module skippedDueTo="Filter" hash="DA-3A-CA-16-E5-2A-EF-6E-FE-B0-EE-5E-8D-87-05-61-95-17-47-3F">
      <ModulePath>C:\Program Files\dotnet\shared\Microsoft.NETCore.App\3.0.0-preview4-27615-11\System.Runtime.Serialization.Primitives.dll</ModulePath>
      <ModuleTime>2019-04-16T03:23:50Z</ModuleTime>
      <ModuleName>System.Runtime.Serialization.Primitives</ModuleName>
      <Classes />
    </Module>
    <Module skippedDueTo="Filter" hash="20-25-CC-77-B5-34-D8-39-5F-E0-FC-94-D8-21-32-EF-1C-70-4D-34">
      <ModulePath>C:\Program Files\dotnet\shared\Microsoft.NETCore.App\3.0.0-preview4-27615-11\System.Runtime.Serialization.Formatters.dll</ModulePath>
      <ModuleTime>2019-04-16T03:23:42Z</ModuleTime>
      <ModuleName>System.Runtime.Serialization.Formatters</ModuleName>
      <Classes />
    </Module>
    <Module skippedDueTo="Filter" hash="7A-12-47-92-43-4B-80-B1-24-AA-E2-DF-08-16-C6-F1-92-5B-AD-33">
      <ModulePath>C:\Program Files\dotnet\shared\Microsoft.NETCore.App\3.0.0-preview4-27615-11\System.Runtime.Loader.dll</ModulePath>
      <ModuleTime>2019-04-16T03:23:42Z</ModuleTime>
      <ModuleName>System.Runtime.Loader</ModuleName>
      <Classes />
    </Module>
    <Module skippedDueTo="Filter" hash="F0-77-64-B4-43-04-CC-2F-4B-28-D4-58-6D-02-53-46-D2-95-D1-1B">
      <ModulePath>C:\Program Files\dotnet\sdk\3.0.100-preview4-011223\Microsoft.Build.NuGetSdkResolver.dll</ModulePath>
      <ModuleTime>2019-04-16T23:09:54Z</ModuleTime>
      <ModuleName>Microsoft.Build.NuGetSdkResolver</ModuleName>
      <Classes />
    </Module>
    <Module skippedDueTo="Filter" hash="DB-4D-0C-ED-10-05-11-95-7E-9F-5F-B5-43-65-F6-B9-1A-13-49-49">
      <ModulePath>C:\Program Files\dotnet\shared\Microsoft.NETCore.App\3.0.0-preview4-27615-11\System.Private.CoreLib.dll</ModulePath>
      <ModuleTime>2019-04-15T23:49:58Z</ModuleTime>
      <ModuleName>System.Private.CoreLib</ModuleName>
      <Classes />
    </Module>
    <Module skippedDueTo="Filter" hash="E3-9D-74-4A-F7-1A-A1-A2-98-0D-AD-2B-C5-8F-C2-4D-84-DF-91-C2">
      <ModulePath>C:\Program Files\dotnet\shared\Microsoft.NETCore.App\3.0.0-preview4-27615-11\System.Diagnostics.FileVersionInfo.dll</ModulePath>
      <ModuleTime>2019-04-16T03:23:54Z</ModuleTime>
      <ModuleName>System.Diagnostics.FileVersionInfo</ModuleName>
      <Classes />
    </Module>
    <Module skippedDueTo="Filter" hash="E1-6B-D7-BD-99-A8-5B-C1-F6-F6-41-D4-1D-62-3C-12-2B-9D-7D-0A">
      <ModulePath>C:\Program Files\dotnet\sdk\3.0.100-preview4-011223\MSBuild.dll</ModulePath>
      <ModuleTime>2019-04-16T23:10:12Z</ModuleTime>
      <ModuleName>MSBuild</ModuleName>
      <Classes />
    </Module>
    <Module skippedDueTo="Filter" hash="60-48-B9-60-7B-BA-CB-B5-35-54-EB-43-C1-B5-5D-21-AA-EB-70-46">
      <ModulePath>C:\Program Files\dotnet\shared\Microsoft.NETCore.App\3.0.0-preview4-27615-11\System.Runtime.dll</ModulePath>
      <ModuleTime>2019-04-16T03:23:44Z</ModuleTime>
      <ModuleName>System.Runtime</ModuleName>
      <Classes />
    </Module>
    <Module skippedDueTo="Filter" hash="E7-76-29-D8-B4-03-E9-56-10-2D-E3-62-30-4D-8B-FD-C5-AF-8C-02">
      <ModulePath>C:\Program Files\dotnet\shared\Microsoft.NETCore.App\3.0.0-preview4-27615-11\System.Runtime.Extensions.dll</ModulePath>
      <ModuleTime>2019-04-16T03:23:48Z</ModuleTime>
      <ModuleName>System.Runtime.Extensions</ModuleName>
      <Classes />
    </Module>
    <Module skippedDueTo="Filter" hash="14-0E-E0-D9-0C-7E-9E-00-08-7D-87-94-13-14-EE-DD-2F-87-1F-21">
      <ModulePath>C:\Program Files\dotnet\shared\Microsoft.NETCore.App\3.0.0-preview4-27615-11\System.Threading.dll</ModulePath>
      <ModuleTime>2019-04-16T03:23:50Z</ModuleTime>
      <ModuleName>System.Threading</ModuleName>
      <Classes />
    </Module>
    <Module skippedDueTo="Filter" hash="23-4F-99-CF-0C-A8-07-DC-07-67-85-14-64-44-33-A5-A6-73-3A-09">
      <ModulePath>C:\Program Files\dotnet\shared\Microsoft.NETCore.App\3.0.0-preview4-27615-11\System.Threading.Tasks.dll</ModulePath>
      <ModuleTime>2019-04-16T03:23:48Z</ModuleTime>
      <ModuleName>System.Threading.Tasks</ModuleName>
      <Classes />
    </Module>
    <Module skippedDueTo="Filter" hash="27-4C-6B-33-27-4A-37-93-67-AD-F8-54-39-72-23-8E-85-30-30-51">
      <ModulePath>C:\Program Files\dotnet\shared\Microsoft.NETCore.App\3.0.0-preview4-27615-11\System.Runtime.InteropServices.RuntimeInformation.dll</ModulePath>
      <ModuleTime>2019-04-16T03:23:40Z</ModuleTime>
      <ModuleName>System.Runtime.InteropServices.RuntimeInformation</ModuleName>
      <Classes />
    </Module>
    <Module skippedDueTo="Filter" hash="86-97-99-B7-3F-55-7C-F5-EF-C0-7D-0A-66-D0-6A-56-4C-CC-4D-3A">
      <ModulePath>C:\Program Files\dotnet\shared\Microsoft.NETCore.App\3.0.0-preview4-27615-11\System.Linq.dll</ModulePath>
      <ModuleTime>2019-04-16T03:24:02Z</ModuleTime>
      <ModuleName>System.Linq</ModuleName>
      <Classes />
    </Module>
    <Module skippedDueTo="Filter" hash="AB-A7-33-AC-8B-11-53-07-96-AD-2A-7A-7D-9D-8A-66-49-6F-77-2C">
      <ModulePath>C:\Program Files\dotnet\shared\Microsoft.NETCore.App\3.0.0-preview4-27615-11\System.Text.RegularExpressions.dll</ModulePath>
      <ModuleTime>2019-04-16T03:23:54Z</ModuleTime>
      <ModuleName>System.Text.RegularExpressions</ModuleName>
      <Classes />
    </Module>
    <Module skippedDueTo="Filter" hash="AE-BE-49-85-46-5E-65-A0-D0-57-DC-75-8E-0A-16-3D-6F-AC-41-49">
      <ModulePath>C:\Program Files\dotnet\shared\Microsoft.NETCore.App\3.0.0-preview4-27615-11\System.Collections.dll</ModulePath>
      <ModuleTime>2019-04-16T03:23:44Z</ModuleTime>
      <ModuleName>System.Collections</ModuleName>
      <Classes />
    </Module>
    <Module skippedDueTo="Filter" hash="36-1E-4E-4A-8E-D5-E4-E3-65-B8-34-AC-40-EF-09-1B-5E-A4-78-5D">
      <ModulePath>C:\Program Files\dotnet\shared\Microsoft.NETCore.App\3.0.0-preview4-27615-11\System.Memory.dll</ModulePath>
      <ModuleTime>2019-04-16T03:24:02Z</ModuleTime>
      <ModuleName>System.Memory</ModuleName>
      <Classes />
    </Module>
    <Module skippedDueTo="Filter" hash="68-D3-65-82-2C-3F-3B-BD-5D-25-BF-41-88-25-87-82-D2-D9-E2-9E">
      <ModulePath>C:\Program Files\dotnet\shared\Microsoft.NETCore.App\3.0.0-preview4-27615-11\System.Buffers.dll</ModulePath>
      <ModuleTime>2019-04-16T03:23:40Z</ModuleTime>
      <ModuleName>System.Buffers</ModuleName>
      <Classes />
    </Module>
    <Module skippedDueTo="Filter" hash="A9-87-1F-FB-FF-44-B5-F1-78-56-94-82-A7-12-00-8D-85-4B-CB-B5">
      <ModulePath>C:\Program Files\dotnet\shared\Microsoft.NETCore.App\3.0.0-preview4-27615-11\System.IO.FileSystem.dll</ModulePath>
      <ModuleTime>2019-04-16T03:23:58Z</ModuleTime>
      <ModuleName>System.IO.FileSystem</ModuleName>
      <Classes />
    </Module>
    <Module skippedDueTo="Filter" hash="42-57-AC-B3-50-B1-7F-77-39-72-58-62-9D-6C-40-A3-2D-E9-F3-5D">
      <ModulePath>C:\Program Files\dotnet\shared\Microsoft.NETCore.App\3.0.0-preview4-27615-11\System.Runtime.InteropServices.dll</ModulePath>
      <ModuleTime>2019-04-16T03:23:50Z</ModuleTime>
      <ModuleName>System.Runtime.InteropServices</ModuleName>
      <Classes />
    </Module>
    <Module skippedDueTo="Filter" hash="05-9D-EA-3C-40-08-CA-A5-A2-97-5B-A9-77-C2-BC-7B-10-DA-65-CC">
      <ModulePath>C:\Program Files\dotnet\shared\Microsoft.NETCore.App\3.0.0-preview4-27615-11\System.Console.dll</ModulePath>
      <ModuleTime>2019-04-16T03:23:40Z</ModuleTime>
      <ModuleName>System.Console</ModuleName>
      <Classes />
    </Module>
    <Module skippedDueTo="Filter" hash="8F-66-44-42-8E-C1-E8-6F-5B-B7-6E-FB-BF-5E-B7-54-3A-23-8F-4A">
      <ModulePath>C:\Program Files\dotnet\shared\Microsoft.NETCore.App\3.0.0-preview4-27615-11\System.Diagnostics.Process.dll</ModulePath>
      <ModuleTime>2019-04-16T03:23:42Z</ModuleTime>
      <ModuleName>System.Diagnostics.Process</ModuleName>
      <Classes />
    </Module>
    <Module skippedDueTo="Filter" hash="6D-2A-A8-43-7B-F2-DD-91-6D-23-76-4A-CD-6E-1B-17-EC-5D-2E-8C">
      <ModulePath>C:\Program Files\dotnet\shared\Microsoft.NETCore.App\3.0.0-preview4-27615-11\System.ComponentModel.Primitives.dll</ModulePath>
      <ModuleTime>2019-04-16T03:23:46Z</ModuleTime>
      <ModuleName>System.ComponentModel.Primitives</ModuleName>
      <Classes />
    </Module>
    <Module skippedDueTo="Filter" hash="05-F6-75-2E-CF-DB-9F-B2-FA-9B-22-04-6B-C5-8B-90-88-5E-95-CD">
      <ModulePath>C:\Program Files\dotnet\sdk\3.0.100-preview4-011223\Microsoft.Build.Framework.dll</ModulePath>
      <ModuleTime>2019-04-16T23:09:50Z</ModuleTime>
      <ModuleName>Microsoft.Build.Framework</ModuleName>
      <Classes />
    </Module>
    <Module skippedDueTo="Filter" hash="CC-E9-B1-B3-7D-DA-80-A0-A8-CF-1F-59-25-C4-35-B2-76-40-5E-8B">
      <ModulePath>C:\Program Files\dotnet\shared\Microsoft.NETCore.App\3.0.0-preview4-27615-11\netstandard.dll</ModulePath>
      <ModuleTime>2019-04-16T03:23:48Z</ModuleTime>
      <ModuleName>netstandard</ModuleName>
      <Classes />
    </Module>
    <Module skippedDueTo="Filter" hash="BB-7B-17-CE-23-E0-CE-20-FA-9A-0B-D2-7A-26-66-7D-B7-97-1C-F1">
      <ModulePath>C:\Program Files\dotnet\sdk\3.0.100-preview4-011223\Microsoft.Build.dll</ModulePath>
      <ModuleTime>2019-04-16T23:09:52Z</ModuleTime>
      <ModuleName>Microsoft.Build</ModuleName>
      <Classes />
    </Module>
    <Module skippedDueTo="Filter" hash="A2-42-34-D3-49-74-21-95-CD-2F-BA-4F-D7-4B-BC-60-3A-51-EF-AF">
      <ModulePath>C:\Program Files\dotnet\shared\Microsoft.NETCore.App\3.0.0-preview4-27615-11\System.Diagnostics.Debug.dll</ModulePath>
      <ModuleTime>2019-04-16T03:23:44Z</ModuleTime>
      <ModuleName>System.Diagnostics.Debug</ModuleName>
      <Classes />
    </Module>
    <Module skippedDueTo="Filter" hash="04-6C-CA-27-8A-7F-C9-91-A2-FF-20-86-81-22-E2-3C-3B-40-8A-D7">
      <ModulePath>C:\Program Files\dotnet\sdk\3.0.100-preview4-011223\runtimes\win\lib\netstandard1.3\System.Text.Encoding.CodePages.dll</ModulePath>
      <ModuleTime>2019-04-16T23:09:54Z</ModuleTime>
      <ModuleName>System.Text.Encoding.CodePages</ModuleName>
      <Classes />
    </Module>
    <Module skippedDueTo="Filter" hash="6D-02-BD-EA-19-B6-15-25-92-B5-E1-8B-C4-B8-46-5C-FB-6F-0F-28">
      <ModulePath>C:\Program Files\dotnet\shared\Microsoft.NETCore.App\3.0.0-preview4-27615-11\System.Text.Encoding.dll</ModulePath>
      <ModuleTime>2019-04-16T03:23:48Z</ModuleTime>
      <ModuleName>System.Text.Encoding</ModuleName>
      <Classes />
    </Module>
    <Module skippedDueTo="Filter" hash="AA-59-B9-99-08-E1-D0-0C-1F-49-ED-71-9A-F7-21-4A-F2-87-07-7C">
      <ModulePath>C:\Program Files\dotnet\shared\Microsoft.NETCore.App\3.0.0-preview4-27615-11\System.Collections.Concurrent.dll</ModulePath>
      <ModuleTime>2019-04-16T03:23:40Z</ModuleTime>
      <ModuleName>System.Collections.Concurrent</ModuleName>
      <Classes />
    </Module>
    <Module skippedDueTo="Filter" hash="94-C5-DC-AD-7E-64-DD-49-8A-EB-F2-A2-8A-F6-DA-BE-55-DE-20-15">
      <ModulePath>C:\Program Files\dotnet\shared\Microsoft.NETCore.App\3.0.0-preview4-27615-11\System.IO.Pipes.dll</ModulePath>
      <ModuleTime>2019-04-16T03:23:52Z</ModuleTime>
      <ModuleName>System.IO.Pipes</ModuleName>
      <Classes />
    </Module>
    <Module skippedDueTo="Filter" hash="EE-DD-D1-E0-F2-54-DE-9B-4F-74-AE-EC-D0-DC-3C-22-AE-61-5F-A1">
      <ModulePath>C:\Program Files\dotnet\shared\Microsoft.NETCore.App\3.0.0-preview4-27615-11\System.Text.Encoding.Extensions.dll</ModulePath>
      <ModuleTime>2019-04-16T03:23:48Z</ModuleTime>
      <ModuleName>System.Text.Encoding.Extensions</ModuleName>
      <Classes />
    </Module>
    <Module skippedDueTo="Filter" hash="72-40-8E-A2-3D-FC-26-32-24-F3-00-E2-15-AF-2D-D2-0F-D4-FC-57">
      <ModulePath>C:\Program Files\dotnet\shared\Microsoft.NETCore.App\3.0.0-preview4-27615-11\System.Security.AccessControl.dll</ModulePath>
      <ModuleTime>2019-04-16T03:23:44Z</ModuleTime>
      <ModuleName>System.Security.AccessControl</ModuleName>
      <Classes />
    </Module>
    <Module skippedDueTo="Filter" hash="4B-9B-B1-19-91-6D-FD-81-6D-18-0D-E3-27-CF-1B-46-69-37-66-98">
      <ModulePath>C:\Program Files\dotnet\shared\Microsoft.NETCore.App\3.0.0-preview4-27615-11\System.Security.Principal.Windows.dll</ModulePath>
      <ModuleTime>2019-04-16T03:23:52Z</ModuleTime>
      <ModuleName>System.Security.Principal.Windows</ModuleName>
      <Classes />
    </Module>
    <Module skippedDueTo="Filter" hash="CC-C8-0F-B8-80-E0-81-57-26-35-9E-AD-C2-4A-82-4A-54-B2-7B-C9">
      <ModulePath>C:\Program Files\dotnet\shared\Microsoft.NETCore.App\3.0.0-preview4-27615-11\System.Security.Claims.dll</ModulePath>
      <ModuleTime>2019-04-16T03:23:50Z</ModuleTime>
      <ModuleName>System.Security.Claims</ModuleName>
      <Classes />
    </Module>
    <Module skippedDueTo="Filter" hash="BB-15-E5-11-58-44-C7-D9-BC-90-D4-C5-C5-60-6A-B3-36-77-7A-8A">
      <ModulePath>C:\Program Files\dotnet\shared\Microsoft.NETCore.App\3.0.0-preview4-27615-11\System.Security.Principal.dll</ModulePath>
      <ModuleTime>2019-04-16T03:23:52Z</ModuleTime>
      <ModuleName>System.Security.Principal</ModuleName>
      <Classes />
    </Module>
    <Module skippedDueTo="Filter" hash="B1-B3-22-AF-F8-97-2B-26-78-29-2F-5F-B9-56-EB-2B-75-6C-A3-7D">
      <ModulePath>C:\Program Files\dotnet\shared\Microsoft.NETCore.App\3.0.0-preview4-27615-11\System.Threading.Overlapped.dll</ModulePath>
      <ModuleTime>2019-04-16T03:23:50Z</ModuleTime>
      <ModuleName>System.Threading.Overlapped</ModuleName>
      <Classes />
    </Module>
    <Module skippedDueTo="Filter" hash="B1-B3-22-AF-F8-97-2B-26-78-29-2F-5F-B9-56-EB-2B-75-6C-A3-7D">
      <ModulePath>C:\Program Files\dotnet\shared\Microsoft.NETCore.App\3.0.0-preview4-27615-11\System.Threading.Overlapped.dll</ModulePath>
      <ModuleTime>2019-04-16T03:23:50Z</ModuleTime>
      <ModuleName>System.Threading.Overlapped</ModuleName>
      <Classes />
    </Module>
    <Module skippedDueTo="Filter" hash="5D-8F-23-26-BB-FF-C8-39-C4-6D-89-43-8D-AC-22-B1-89-1F-F0-C2">
      <ModulePath>C:\Program Files\dotnet\shared\Microsoft.NETCore.App\3.0.0-preview4-27615-11\System.Threading.Thread.dll</ModulePath>
      <ModuleTime>2019-04-16T03:23:52Z</ModuleTime>
      <ModuleName>System.Threading.Thread</ModuleName>
      <Classes />
    </Module>
    <Module skippedDueTo="Filter" hash="72-40-8E-A2-3D-FC-26-32-24-F3-00-E2-15-AF-2D-D2-0F-D4-FC-57">
      <ModulePath>C:\Program Files\dotnet\shared\Microsoft.NETCore.App\3.0.0-preview4-27615-11\System.Security.AccessControl.dll</ModulePath>
      <ModuleTime>2019-04-16T03:23:44Z</ModuleTime>
      <ModuleName>System.Security.AccessControl</ModuleName>
      <Classes />
    </Module>
    <Module skippedDueTo="Filter" hash="4B-9B-B1-19-91-6D-FD-81-6D-18-0D-E3-27-CF-1B-46-69-37-66-98">
      <ModulePath>C:\Program Files\dotnet\shared\Microsoft.NETCore.App\3.0.0-preview4-27615-11\System.Security.Principal.Windows.dll</ModulePath>
      <ModuleTime>2019-04-16T03:23:52Z</ModuleTime>
      <ModuleName>System.Security.Principal.Windows</ModuleName>
      <Classes />
    </Module>
    <Module skippedDueTo="Filter" hash="CC-C8-0F-B8-80-E0-81-57-26-35-9E-AD-C2-4A-82-4A-54-B2-7B-C9">
      <ModulePath>C:\Program Files\dotnet\shared\Microsoft.NETCore.App\3.0.0-preview4-27615-11\System.Security.Claims.dll</ModulePath>
      <ModuleTime>2019-04-16T03:23:50Z</ModuleTime>
      <ModuleName>System.Security.Claims</ModuleName>
      <Classes />
    </Module>
    <Module skippedDueTo="Filter" hash="87-AD-3C-82-E7-95-EB-85-D8-31-81-77-8F-AE-1D-B0-39-D3-61-21">
      <ModulePath>C:\Program Files\dotnet\shared\Microsoft.NETCore.App\3.0.0-preview4-27615-11\System.ObjectModel.dll</ModulePath>
      <ModuleTime>2019-04-16T03:23:42Z</ModuleTime>
      <ModuleName>System.ObjectModel</ModuleName>
      <Classes />
    </Module>
    <Module skippedDueTo="Filter" hash="07-13-FF-1C-5A-F6-B1-9C-7C-5D-A4-1A-CA-DA-4E-D8-9E-85-A6-88">
      <ModulePath>C:\Program Files\dotnet\shared\Microsoft.NETCore.App\3.0.0-preview4-27615-11\System.Threading.Tasks.Dataflow.dll</ModulePath>
      <ModuleTime>2019-04-16T03:23:50Z</ModuleTime>
      <ModuleName>System.Threading.Tasks.Dataflow</ModuleName>
      <Classes />
    </Module>
    <Module skippedDueTo="Filter" hash="DF-1E-22-28-3C-D3-A6-76-C2-70-67-CB-52-E3-29-AC-0B-5D-75-7D">
      <ModulePath>C:\Program Files\dotnet\shared\Microsoft.NETCore.App\3.0.0-preview4-27615-11\System.Diagnostics.Tracing.dll</ModulePath>
      <ModuleTime>2019-04-16T03:23:58Z</ModuleTime>
      <ModuleName>System.Diagnostics.Tracing</ModuleName>
      <Classes />
    </Module>
    <Module skippedDueTo="Filter" hash="DB-4D-0C-ED-10-05-11-95-7E-9F-5F-B5-43-65-F6-B9-1A-13-49-49">
      <ModulePath>C:\Program Files\dotnet\shared\Microsoft.NETCore.App\3.0.0-preview4-27615-11\System.Private.CoreLib.dll</ModulePath>
      <ModuleTime>2019-04-15T23:49:58Z</ModuleTime>
      <ModuleName>System.Private.CoreLib</ModuleName>
      <Classes />
    </Module>
    <Module skippedDueTo="Filter" hash="E1-6B-D7-BD-99-A8-5B-C1-F6-F6-41-D4-1D-62-3C-12-2B-9D-7D-0A">
      <ModulePath>C:\Program Files\dotnet\sdk\3.0.100-preview4-011223\MSBuild.dll</ModulePath>
      <ModuleTime>2019-04-16T23:10:12Z</ModuleTime>
      <ModuleName>MSBuild</ModuleName>
      <Classes />
    </Module>
    <Module skippedDueTo="Filter" hash="60-48-B9-60-7B-BA-CB-B5-35-54-EB-43-C1-B5-5D-21-AA-EB-70-46">
      <ModulePath>C:\Program Files\dotnet\shared\Microsoft.NETCore.App\3.0.0-preview4-27615-11\System.Runtime.dll</ModulePath>
      <ModuleTime>2019-04-16T03:23:44Z</ModuleTime>
      <ModuleName>System.Runtime</ModuleName>
      <Classes />
    </Module>
    <Module skippedDueTo="Filter" hash="9D-E8-FE-16-76-6A-28-A8-39-C1-84-7D-E8-4C-9C-7D-CC-F5-CB-4F">
      <ModulePath>C:\Program Files\dotnet\sdk\3.0.100-preview4-011223\dotnet.dll</ModulePath>
      <ModuleTime>2019-04-16T23:09:56Z</ModuleTime>
      <ModuleName>dotnet</ModuleName>
      <Classes />
    </Module>
    <Module skippedDueTo="Filter" hash="F8-1F-66-A3-90-10-74-A3-78-4F-84-84-17-8E-EB-78-94-DC-60-17">
      <ModulePath>C:\Program Files\dotnet\sdk\3.0.100-preview4-011223\Microsoft.DotNet.Tools.MigrateCommand.dll</ModulePath>
      <ModuleTime>2019-04-16T23:10:00Z</ModuleTime>
      <ModuleName>Microsoft.DotNet.Tools.MigrateCommand</ModuleName>
      <Classes />
    </Module>
    <Module skippedDueTo="Filter" hash="76-83-85-82-49-4F-85-BD-58-7F-86-AB-B7-2D-D5-2C-C3-43-EE-75">
      <ModulePath>C:\Program Files\dotnet\sdk\3.0.100-preview4-011223\Microsoft.DotNet.Configurer.dll</ModulePath>
      <ModuleTime>2019-04-16T23:10:02Z</ModuleTime>
      <ModuleName>Microsoft.DotNet.Configurer</ModuleName>
      <Classes />
    </Module>
    <Module skippedDueTo="Filter" hash="1D-41-6E-A7-0F-4B-2A-D1-4D-20-9D-CE-1E-13-E9-D0-AF-A7-C0-88">
      <ModulePath>C:\Program Files\dotnet\shared\Microsoft.NETCore.App\3.0.0-preview4-27615-11\System.Resources.ResourceManager.dll</ModulePath>
      <ModuleTime>2019-04-16T03:23:42Z</ModuleTime>
      <ModuleName>System.Resources.ResourceManager</ModuleName>
      <Classes />
    </Module>
    <Module skippedDueTo="Filter" hash="E7-76-29-D8-B4-03-E9-56-10-2D-E3-62-30-4D-8B-FD-C5-AF-8C-02">
      <ModulePath>C:\Program Files\dotnet\shared\Microsoft.NETCore.App\3.0.0-preview4-27615-11\System.Runtime.Extensions.dll</ModulePath>
      <ModuleTime>2019-04-16T03:23:48Z</ModuleTime>
      <ModuleName>System.Runtime.Extensions</ModuleName>
      <Classes />
    </Module>
    <Module skippedDueTo="Filter" hash="14-0E-E0-D9-0C-7E-9E-00-08-7D-87-94-13-14-EE-DD-2F-87-1F-21">
      <ModulePath>C:\Program Files\dotnet\shared\Microsoft.NETCore.App\3.0.0-preview4-27615-11\System.Threading.dll</ModulePath>
      <ModuleTime>2019-04-16T03:23:50Z</ModuleTime>
      <ModuleName>System.Threading</ModuleName>
      <Classes />
    </Module>
    <Module skippedDueTo="Filter" hash="23-4F-99-CF-0C-A8-07-DC-07-67-85-14-64-44-33-A5-A6-73-3A-09">
      <ModulePath>C:\Program Files\dotnet\shared\Microsoft.NETCore.App\3.0.0-preview4-27615-11\System.Threading.Tasks.dll</ModulePath>
      <ModuleTime>2019-04-16T03:23:48Z</ModuleTime>
      <ModuleName>System.Threading.Tasks</ModuleName>
      <Classes />
    </Module>
    <Module skippedDueTo="Filter" hash="27-4C-6B-33-27-4A-37-93-67-AD-F8-54-39-72-23-8E-85-30-30-51">
      <ModulePath>C:\Program Files\dotnet\shared\Microsoft.NETCore.App\3.0.0-preview4-27615-11\System.Runtime.InteropServices.RuntimeInformation.dll</ModulePath>
      <ModuleTime>2019-04-16T03:23:40Z</ModuleTime>
      <ModuleName>System.Runtime.InteropServices.RuntimeInformation</ModuleName>
      <Classes />
    </Module>
    <Module skippedDueTo="Filter" hash="86-97-99-B7-3F-55-7C-F5-EF-C0-7D-0A-66-D0-6A-56-4C-CC-4D-3A">
      <ModulePath>C:\Program Files\dotnet\shared\Microsoft.NETCore.App\3.0.0-preview4-27615-11\System.Linq.dll</ModulePath>
      <ModuleTime>2019-04-16T03:24:02Z</ModuleTime>
      <ModuleName>System.Linq</ModuleName>
      <Classes />
    </Module>
    <Module skippedDueTo="Filter" hash="AB-A7-33-AC-8B-11-53-07-96-AD-2A-7A-7D-9D-8A-66-49-6F-77-2C">
      <ModulePath>C:\Program Files\dotnet\shared\Microsoft.NETCore.App\3.0.0-preview4-27615-11\System.Text.RegularExpressions.dll</ModulePath>
      <ModuleTime>2019-04-16T03:23:54Z</ModuleTime>
      <ModuleName>System.Text.RegularExpressions</ModuleName>
      <Classes />
    </Module>
    <Module skippedDueTo="Filter" hash="AE-BE-49-85-46-5E-65-A0-D0-57-DC-75-8E-0A-16-3D-6F-AC-41-49">
      <ModulePath>C:\Program Files\dotnet\shared\Microsoft.NETCore.App\3.0.0-preview4-27615-11\System.Collections.dll</ModulePath>
      <ModuleTime>2019-04-16T03:23:44Z</ModuleTime>
      <ModuleName>System.Collections</ModuleName>
      <Classes />
    </Module>
    <Module skippedDueTo="Filter" hash="36-1E-4E-4A-8E-D5-E4-E3-65-B8-34-AC-40-EF-09-1B-5E-A4-78-5D">
      <ModulePath>C:\Program Files\dotnet\shared\Microsoft.NETCore.App\3.0.0-preview4-27615-11\System.Memory.dll</ModulePath>
      <ModuleTime>2019-04-16T03:24:02Z</ModuleTime>
      <ModuleName>System.Memory</ModuleName>
      <Classes />
    </Module>
    <Module skippedDueTo="Filter" hash="68-D3-65-82-2C-3F-3B-BD-5D-25-BF-41-88-25-87-82-D2-D9-E2-9E">
      <ModulePath>C:\Program Files\dotnet\shared\Microsoft.NETCore.App\3.0.0-preview4-27615-11\System.Buffers.dll</ModulePath>
      <ModuleTime>2019-04-16T03:23:40Z</ModuleTime>
      <ModuleName>System.Buffers</ModuleName>
      <Classes />
    </Module>
    <Module skippedDueTo="Filter" hash="A9-87-1F-FB-FF-44-B5-F1-78-56-94-82-A7-12-00-8D-85-4B-CB-B5">
      <ModulePath>C:\Program Files\dotnet\shared\Microsoft.NETCore.App\3.0.0-preview4-27615-11\System.IO.FileSystem.dll</ModulePath>
      <ModuleTime>2019-04-16T03:23:58Z</ModuleTime>
      <ModuleName>System.IO.FileSystem</ModuleName>
      <Classes />
    </Module>
    <Module skippedDueTo="Filter" hash="42-57-AC-B3-50-B1-7F-77-39-72-58-62-9D-6C-40-A3-2D-E9-F3-5D">
      <ModulePath>C:\Program Files\dotnet\shared\Microsoft.NETCore.App\3.0.0-preview4-27615-11\System.Runtime.InteropServices.dll</ModulePath>
      <ModuleTime>2019-04-16T03:23:50Z</ModuleTime>
      <ModuleName>System.Runtime.InteropServices</ModuleName>
      <Classes />
    </Module>
    <Module skippedDueTo="Filter" hash="05-9D-EA-3C-40-08-CA-A5-A2-97-5B-A9-77-C2-BC-7B-10-DA-65-CC">
      <ModulePath>C:\Program Files\dotnet\shared\Microsoft.NETCore.App\3.0.0-preview4-27615-11\System.Console.dll</ModulePath>
      <ModuleTime>2019-04-16T03:23:40Z</ModuleTime>
      <ModuleName>System.Console</ModuleName>
      <Classes />
    </Module>
    <Module skippedDueTo="Filter" hash="8F-66-44-42-8E-C1-E8-6F-5B-B7-6E-FB-BF-5E-B7-54-3A-23-8F-4A">
      <ModulePath>C:\Program Files\dotnet\shared\Microsoft.NETCore.App\3.0.0-preview4-27615-11\System.Diagnostics.Process.dll</ModulePath>
      <ModuleTime>2019-04-16T03:23:42Z</ModuleTime>
      <ModuleName>System.Diagnostics.Process</ModuleName>
      <Classes />
    </Module>
    <Module skippedDueTo="Filter" hash="6D-2A-A8-43-7B-F2-DD-91-6D-23-76-4A-CD-6E-1B-17-EC-5D-2E-8C">
      <ModulePath>C:\Program Files\dotnet\shared\Microsoft.NETCore.App\3.0.0-preview4-27615-11\System.ComponentModel.Primitives.dll</ModulePath>
      <ModuleTime>2019-04-16T03:23:46Z</ModuleTime>
      <ModuleName>System.ComponentModel.Primitives</ModuleName>
      <Classes />
    </Module>
    <Module skippedDueTo="Filter" hash="05-F6-75-2E-CF-DB-9F-B2-FA-9B-22-04-6B-C5-8B-90-88-5E-95-CD">
      <ModulePath>C:\Program Files\dotnet\sdk\3.0.100-preview4-011223\Microsoft.Build.Framework.dll</ModulePath>
      <ModuleTime>2019-04-16T23:09:50Z</ModuleTime>
      <ModuleName>Microsoft.Build.Framework</ModuleName>
      <Classes />
    </Module>
    <Module skippedDueTo="Filter" hash="CC-E9-B1-B3-7D-DA-80-A0-A8-CF-1F-59-25-C4-35-B2-76-40-5E-8B">
      <ModulePath>C:\Program Files\dotnet\shared\Microsoft.NETCore.App\3.0.0-preview4-27615-11\netstandard.dll</ModulePath>
      <ModuleTime>2019-04-16T03:23:48Z</ModuleTime>
      <ModuleName>netstandard</ModuleName>
      <Classes />
    </Module>
    <Module skippedDueTo="Filter" hash="BB-7B-17-CE-23-E0-CE-20-FA-9A-0B-D2-7A-26-66-7D-B7-97-1C-F1">
      <ModulePath>C:\Program Files\dotnet\sdk\3.0.100-preview4-011223\Microsoft.Build.dll</ModulePath>
      <ModuleTime>2019-04-16T23:09:52Z</ModuleTime>
      <ModuleName>Microsoft.Build</ModuleName>
      <Classes />
    </Module>
    <Module skippedDueTo="Filter" hash="A2-42-34-D3-49-74-21-95-CD-2F-BA-4F-D7-4B-BC-60-3A-51-EF-AF">
      <ModulePath>C:\Program Files\dotnet\shared\Microsoft.NETCore.App\3.0.0-preview4-27615-11\System.Diagnostics.Debug.dll</ModulePath>
      <ModuleTime>2019-04-16T03:23:44Z</ModuleTime>
      <ModuleName>System.Diagnostics.Debug</ModuleName>
      <Classes />
    </Module>
    <Module skippedDueTo="Filter" hash="04-6C-CA-27-8A-7F-C9-91-A2-FF-20-86-81-22-E2-3C-3B-40-8A-D7">
      <ModulePath>C:\Program Files\dotnet\sdk\3.0.100-preview4-011223\runtimes\win\lib\netstandard1.3\System.Text.Encoding.CodePages.dll</ModulePath>
      <ModuleTime>2019-04-16T23:09:54Z</ModuleTime>
      <ModuleName>System.Text.Encoding.CodePages</ModuleName>
      <Classes />
    </Module>
    <Module skippedDueTo="Filter" hash="6D-02-BD-EA-19-B6-15-25-92-B5-E1-8B-C4-B8-46-5C-FB-6F-0F-28">
      <ModulePath>C:\Program Files\dotnet\shared\Microsoft.NETCore.App\3.0.0-preview4-27615-11\System.Text.Encoding.dll</ModulePath>
      <ModuleTime>2019-04-16T03:23:48Z</ModuleTime>
      <ModuleName>System.Text.Encoding</ModuleName>
      <Classes />
    </Module>
    <Module skippedDueTo="Filter" hash="AA-59-B9-99-08-E1-D0-0C-1F-49-ED-71-9A-F7-21-4A-F2-87-07-7C">
      <ModulePath>C:\Program Files\dotnet\shared\Microsoft.NETCore.App\3.0.0-preview4-27615-11\System.Collections.Concurrent.dll</ModulePath>
      <ModuleTime>2019-04-16T03:23:40Z</ModuleTime>
      <ModuleName>System.Collections.Concurrent</ModuleName>
      <Classes />
    </Module>
    <Module skippedDueTo="Filter" hash="94-C5-DC-AD-7E-64-DD-49-8A-EB-F2-A2-8A-F6-DA-BE-55-DE-20-15">
      <ModulePath>C:\Program Files\dotnet\shared\Microsoft.NETCore.App\3.0.0-preview4-27615-11\System.IO.Pipes.dll</ModulePath>
      <ModuleTime>2019-04-16T03:23:52Z</ModuleTime>
      <ModuleName>System.IO.Pipes</ModuleName>
      <Classes />
    </Module>
    <Module skippedDueTo="Filter" hash="EE-DD-D1-E0-F2-54-DE-9B-4F-74-AE-EC-D0-DC-3C-22-AE-61-5F-A1">
      <ModulePath>C:\Program Files\dotnet\shared\Microsoft.NETCore.App\3.0.0-preview4-27615-11\System.Text.Encoding.Extensions.dll</ModulePath>
      <ModuleTime>2019-04-16T03:23:48Z</ModuleTime>
      <ModuleName>System.Text.Encoding.Extensions</ModuleName>
      <Classes />
    </Module>
    <Module skippedDueTo="Filter" hash="72-40-8E-A2-3D-FC-26-32-24-F3-00-E2-15-AF-2D-D2-0F-D4-FC-57">
      <ModulePath>C:\Program Files\dotnet\shared\Microsoft.NETCore.App\3.0.0-preview4-27615-11\System.Security.AccessControl.dll</ModulePath>
      <ModuleTime>2019-04-16T03:23:44Z</ModuleTime>
      <ModuleName>System.Security.AccessControl</ModuleName>
      <Classes />
    </Module>
    <Module skippedDueTo="Filter" hash="4B-9B-B1-19-91-6D-FD-81-6D-18-0D-E3-27-CF-1B-46-69-37-66-98">
      <ModulePath>C:\Program Files\dotnet\shared\Microsoft.NETCore.App\3.0.0-preview4-27615-11\System.Security.Principal.Windows.dll</ModulePath>
      <ModuleTime>2019-04-16T03:23:52Z</ModuleTime>
      <ModuleName>System.Security.Principal.Windows</ModuleName>
      <Classes />
    </Module>
    <Module skippedDueTo="Filter" hash="CC-C8-0F-B8-80-E0-81-57-26-35-9E-AD-C2-4A-82-4A-54-B2-7B-C9">
      <ModulePath>C:\Program Files\dotnet\shared\Microsoft.NETCore.App\3.0.0-preview4-27615-11\System.Security.Claims.dll</ModulePath>
      <ModuleTime>2019-04-16T03:23:50Z</ModuleTime>
      <ModuleName>System.Security.Claims</ModuleName>
      <Classes />
    </Module>
    <Module skippedDueTo="Filter" hash="BB-15-E5-11-58-44-C7-D9-BC-90-D4-C5-C5-60-6A-B3-36-77-7A-8A">
      <ModulePath>C:\Program Files\dotnet\shared\Microsoft.NETCore.App\3.0.0-preview4-27615-11\System.Security.Principal.dll</ModulePath>
      <ModuleTime>2019-04-16T03:23:52Z</ModuleTime>
      <ModuleName>System.Security.Principal</ModuleName>
      <Classes />
    </Module>
    <Module skippedDueTo="Filter" hash="B1-B3-22-AF-F8-97-2B-26-78-29-2F-5F-B9-56-EB-2B-75-6C-A3-7D">
      <ModulePath>C:\Program Files\dotnet\shared\Microsoft.NETCore.App\3.0.0-preview4-27615-11\System.Threading.Overlapped.dll</ModulePath>
      <ModuleTime>2019-04-16T03:23:50Z</ModuleTime>
      <ModuleName>System.Threading.Overlapped</ModuleName>
      <Classes />
    </Module>
    <Module skippedDueTo="Filter" hash="5D-8F-23-26-BB-FF-C8-39-C4-6D-89-43-8D-AC-22-B1-89-1F-F0-C2">
      <ModulePath>C:\Program Files\dotnet\shared\Microsoft.NETCore.App\3.0.0-preview4-27615-11\System.Threading.Thread.dll</ModulePath>
      <ModuleTime>2019-04-16T03:23:52Z</ModuleTime>
      <ModuleName>System.Threading.Thread</ModuleName>
      <Classes />
    </Module>
    <Module skippedDueTo="Filter" hash="87-AD-3C-82-E7-95-EB-85-D8-31-81-77-8F-AE-1D-B0-39-D3-61-21">
      <ModulePath>C:\Program Files\dotnet\shared\Microsoft.NETCore.App\3.0.0-preview4-27615-11\System.ObjectModel.dll</ModulePath>
      <ModuleTime>2019-04-16T03:23:42Z</ModuleTime>
      <ModuleName>System.ObjectModel</ModuleName>
      <Classes />
    </Module>
    <Module skippedDueTo="Filter" hash="DB-4D-0C-ED-10-05-11-95-7E-9F-5F-B5-43-65-F6-B9-1A-13-49-49">
      <ModulePath>C:\Program Files\dotnet\shared\Microsoft.NETCore.App\3.0.0-preview4-27615-11\System.Private.CoreLib.dll</ModulePath>
      <ModuleTime>2019-04-15T23:49:58Z</ModuleTime>
      <ModuleName>System.Private.CoreLib</ModuleName>
      <Classes />
    </Module>
    <Module skippedDueTo="Filter" hash="07-13-FF-1C-5A-F6-B1-9C-7C-5D-A4-1A-CA-DA-4E-D8-9E-85-A6-88">
      <ModulePath>C:\Program Files\dotnet\shared\Microsoft.NETCore.App\3.0.0-preview4-27615-11\System.Threading.Tasks.Dataflow.dll</ModulePath>
      <ModuleTime>2019-04-16T03:23:50Z</ModuleTime>
      <ModuleName>System.Threading.Tasks.Dataflow</ModuleName>
[...]
      <ModuleTime>2019-04-17T15:42:00Z</ModuleTime>
      <ModuleName>System.Linq.Parallel</ModuleName>
      <Classes />
    </Module>
    <Module skippedDueTo="Filter" hash="1C-06-FA-41-B5-A8-F5-63-0A-FC-2C-75-36-87-60-E1-80-BF-DC-5C">
      <ModulePath>C:\Program Files\dotnet\shared\Microsoft.NETCore.App\2.2.5\System.Linq.Queryable.dll</ModulePath>
      <ModuleTime>2019-04-17T15:42:00Z</ModuleTime>
      <ModuleName>System.Linq.Queryable</ModuleName>
      <Classes />
    </Module>
    <Module skippedDueTo="Filter" hash="6E-3D-D4-FE-8F-2F-EF-47-73-C9-82-B7-9B-56-62-FF-BC-1B-6E-DE">
      <ModulePath>C:\Program Files\dotnet\shared\Microsoft.NETCore.App\2.2.5\System.Net.Http.dll</ModulePath>
      <ModuleTime>2019-04-17T15:42:00Z</ModuleTime>
      <ModuleName>System.Net.Http</ModuleName>
      <Classes />
    </Module>
    <Module skippedDueTo="Filter" hash="64-35-56-0E-54-9F-52-7D-0C-F1-61-77-1E-C0-6B-94-76-73-43-01">
      <ModulePath>C:\Program Files\dotnet\shared\Microsoft.NETCore.App\2.2.5\System.Net.Security.dll</ModulePath>
      <ModuleTime>2019-04-17T15:42:00Z</ModuleTime>
      <ModuleName>System.Net.Security</ModuleName>
      <Classes />
    </Module>
    <Module skippedDueTo="Filter" hash="6D-39-9C-6C-7D-6C-AA-69-2B-48-1E-50-F1-7B-46-54-AE-6C-70-F1">
      <ModulePath>C:\Program Files\dotnet\shared\Microsoft.NETCore.App\2.2.5\System.Net.HttpListener.dll</ModulePath>
      <ModuleTime>2019-04-17T15:42:00Z</ModuleTime>
      <ModuleName>System.Net.HttpListener</ModuleName>
      <Classes />
    </Module>
    <Module skippedDueTo="Filter" hash="26-B9-74-97-0B-13-3A-1E-67-A5-D0-B7-38-62-C6-AC-EB-A1-89-61">
      <ModulePath>C:\Program Files\dotnet\shared\Microsoft.NETCore.App\2.2.5\System.Net.Mail.dll</ModulePath>
      <ModuleTime>2019-04-17T15:42:00Z</ModuleTime>
      <ModuleName>System.Net.Mail</ModuleName>
      <Classes />
    </Module>
    <Module skippedDueTo="Filter" hash="5E-9C-66-F8-5C-34-CB-4C-17-2E-6F-35-DC-56-6F-5E-25-8A-BB-EA">
      <ModulePath>C:\Program Files\dotnet\shared\Microsoft.NETCore.App\2.2.5\System.Net.NetworkInformation.dll</ModulePath>
      <ModuleTime>2019-04-17T15:42:00Z</ModuleTime>
      <ModuleName>System.Net.NetworkInformation</ModuleName>
      <Classes />
    </Module>
    <Module skippedDueTo="Filter" hash="75-34-47-40-E6-E8-3D-75-17-15-90-5D-59-61-67-2C-C9-32-9F-7B">
      <ModulePath>C:\Program Files\dotnet\shared\Microsoft.NETCore.App\2.2.5\System.Net.Ping.dll</ModulePath>
      <ModuleTime>2019-04-17T15:42:00Z</ModuleTime>
      <ModuleName>System.Net.Ping</ModuleName>
      <Classes />
    </Module>
    <Module skippedDueTo="Filter" hash="18-FC-7B-BA-C3-51-63-F5-C9-14-76-20-EF-43-F1-04-AC-50-AD-98">
      <ModulePath>C:\Program Files\dotnet\shared\Microsoft.NETCore.App\2.2.5\System.Net.Requests.dll</ModulePath>
      <ModuleTime>2019-04-17T15:42:00Z</ModuleTime>
      <ModuleName>System.Net.Requests</ModuleName>
      <Classes />
    </Module>
    <Module skippedDueTo="Filter" hash="93-F0-40-75-FD-B0-A0-07-85-2E-1B-86-4F-47-B6-48-9F-73-36-07">
      <ModulePath>C:\Program Files\dotnet\shared\Microsoft.NETCore.App\2.2.5\System.Net.ServicePoint.dll</ModulePath>
      <ModuleTime>2019-04-17T15:42:00Z</ModuleTime>
      <ModuleName>System.Net.ServicePoint</ModuleName>
      <Classes />
    </Module>
    <Module skippedDueTo="Filter" hash="FE-6F-AF-64-77-96-0E-E1-A7-8C-2A-2F-8F-77-F9-A1-4E-86-F7-21">
      <ModulePath>C:\Program Files\dotnet\shared\Microsoft.NETCore.App\2.2.5\System.Net.WebClient.dll</ModulePath>
      <ModuleTime>2019-04-17T15:42:00Z</ModuleTime>
      <ModuleName>System.Net.WebClient</ModuleName>
      <Classes />
    </Module>
    <Module skippedDueTo="Filter" hash="16-B0-16-7C-50-23-18-8B-09-00-4A-04-A9-72-6A-63-05-A2-33-1F">
      <ModulePath>C:\Program Files\dotnet\shared\Microsoft.NETCore.App\2.2.5\System.Net.WebHeaderCollection.dll</ModulePath>
      <ModuleTime>2019-04-17T15:42:00Z</ModuleTime>
      <ModuleName>System.Net.WebHeaderCollection</ModuleName>
      <Classes />
    </Module>
    <Module skippedDueTo="Filter" hash="25-4E-25-A4-FE-39-52-BB-76-7F-88-DD-7F-8D-8F-92-D4-F9-79-40">
      <ModulePath>C:\Program Files\dotnet\shared\Microsoft.NETCore.App\2.2.5\System.Net.WebProxy.dll</ModulePath>
      <ModuleTime>2019-04-17T15:42:00Z</ModuleTime>
      <ModuleName>System.Net.WebProxy</ModuleName>
      <Classes />
    </Module>
    <Module skippedDueTo="Filter" hash="9F-59-DF-30-C4-94-AD-EB-02-E2-95-76-32-E4-B1-B0-8D-E3-6C-38">
      <ModulePath>C:\Program Files\dotnet\shared\Microsoft.NETCore.App\2.2.5\System.Net.WebSockets.Client.dll</ModulePath>
      <ModuleTime>2019-04-17T15:42:00Z</ModuleTime>
      <ModuleName>System.Net.WebSockets.Client</ModuleName>
      <Classes />
    </Module>
    <Module skippedDueTo="Filter" hash="55-1C-F2-1D-AD-D1-2A-D4-21-BE-5B-B7-33-61-D9-1C-DB-A4-8C-72">
      <ModulePath>C:\Program Files\dotnet\shared\Microsoft.NETCore.App\2.2.5\System.Net.dll</ModulePath>
      <ModuleTime>2019-04-17T15:42:00Z</ModuleTime>
      <ModuleName>System.Net</ModuleName>
      <Classes />
    </Module>
    <Module skippedDueTo="Filter" hash="8E-4C-4B-C5-A2-48-CD-49-9D-2B-7B-4B-CC-21-18-A8-E5-F2-8C-61">
      <ModulePath>C:\Program Files\dotnet\shared\Microsoft.NETCore.App\2.2.5\System.Numerics.Vectors.dll</ModulePath>
      <ModuleTime>2019-04-17T15:42:00Z</ModuleTime>
      <ModuleName>System.Numerics.Vectors</ModuleName>
      <Classes />
    </Module>
    <Module skippedDueTo="Filter" hash="EC-92-E6-C4-C6-3E-F8-4E-E9-DF-53-E2-94-13-9A-2F-31-88-50-76">
      <ModulePath>C:\Program Files\dotnet\shared\Microsoft.NETCore.App\2.2.5\System.Numerics.dll</ModulePath>
      <ModuleTime>2019-04-17T15:42:00Z</ModuleTime>
      <ModuleName>System.Numerics</ModuleName>
      <Classes />
    </Module>
    <Module skippedDueTo="Filter" hash="1B-D6-83-1E-19-37-C7-4B-C8-22-DC-90-66-1C-D8-CD-8A-0C-24-B9">
      <ModulePath>C:\Program Files\dotnet\shared\Microsoft.NETCore.App\2.2.5\System.Private.DataContractSerialization.dll</ModulePath>
      <ModuleTime>2019-04-17T15:42:00Z</ModuleTime>
      <ModuleName>System.Private.DataContractSerialization</ModuleName>
      <Classes />
    </Module>
    <Module skippedDueTo="Filter" hash="C7-06-14-50-E6-0E-5D-A7-5B-14-11-3F-7A-C9-92-4E-24-97-5A-B5">
      <ModulePath>C:\Program Files\dotnet\shared\Microsoft.NETCore.App\2.2.5\System.Reflection.Emit.ILGeneration.dll</ModulePath>
      <ModuleTime>2019-04-17T15:42:02Z</ModuleTime>
      <ModuleName>System.Reflection.Emit.ILGeneration</ModuleName>
      <Classes />
    </Module>
    <Module skippedDueTo="Filter" hash="A0-3C-7A-2D-6A-44-71-D0-FD-5E-D6-7D-34-B4-42-41-2E-65-EC-E4">
      <ModulePath>C:\Program Files\dotnet\shared\Microsoft.NETCore.App\2.2.5\System.Reflection.DispatchProxy.dll</ModulePath>
      <ModuleTime>2019-04-17T15:42:02Z</ModuleTime>
      <ModuleName>System.Reflection.DispatchProxy</ModuleName>
      <Classes />
    </Module>
    <Module skippedDueTo="Filter" hash="8C-17-02-EB-B9-4B-4F-64-D2-7C-58-CD-FF-F7-AA-59-89-2B-C4-E5">
      <ModulePath>C:\Program Files\dotnet\shared\Microsoft.NETCore.App\2.2.5\System.Reflection.Emit.Lightweight.dll</ModulePath>
      <ModuleTime>2019-04-17T15:42:02Z</ModuleTime>
      <ModuleName>System.Reflection.Emit.Lightweight</ModuleName>
      <Classes />
    </Module>
    <Module skippedDueTo="Filter" hash="06-91-37-D6-15-6A-DB-B2-5D-AF-68-ED-F0-06-B2-36-2B-8D-61-81">
      <ModulePath>C:\Program Files\dotnet\shared\Microsoft.NETCore.App\2.2.5\System.Reflection.Emit.dll</ModulePath>
      <ModuleTime>2019-04-17T15:42:02Z</ModuleTime>
      <ModuleName>System.Reflection.Emit</ModuleName>
      <Classes />
    </Module>
    <Module skippedDueTo="Filter" hash="CA-90-FB-C3-82-74-84-AB-41-7C-91-16-0F-CE-71-A9-D7-40-FB-D8">
      <ModulePath>C:\Program Files\dotnet\shared\Microsoft.NETCore.App\2.2.5\System.Resources.Reader.dll</ModulePath>
      <ModuleTime>2019-04-17T15:42:02Z</ModuleTime>
      <ModuleName>System.Resources.Reader</ModuleName>
      <Classes />
    </Module>
    <Module skippedDueTo="Filter" hash="71-9B-15-D3-F6-8C-64-88-FE-80-33-86-52-3E-14-44-61-22-21-1A">
      <ModulePath>C:\Program Files\dotnet\shared\Microsoft.NETCore.App\2.2.5\System.Resources.Writer.dll</ModulePath>
      <ModuleTime>2019-04-17T15:42:02Z</ModuleTime>
      <ModuleName>System.Resources.Writer</ModuleName>
      <Classes />
    </Module>
    <Module skippedDueTo="Filter" hash="F0-11-D8-21-0D-79-7F-7D-F8-77-44-C2-DD-AA-41-94-A1-6E-BD-83">
      <ModulePath>C:\Program Files\dotnet\shared\Microsoft.NETCore.App\2.2.5\System.Runtime.CompilerServices.VisualC.dll</ModulePath>
      <ModuleTime>2019-04-17T15:42:02Z</ModuleTime>
      <ModuleName>System.Runtime.CompilerServices.VisualC</ModuleName>
      <Classes />
    </Module>
    <Module skippedDueTo="Filter" hash="F7-43-A0-CD-91-6C-C6-D9-6C-B4-32-CF-18-E8-D0-4E-23-F5-69-82">
      <ModulePath>C:\Program Files\dotnet\shared\Microsoft.NETCore.App\2.2.5\System.Runtime.Handles.dll</ModulePath>
      <ModuleTime>2019-04-17T15:42:02Z</ModuleTime>
      <ModuleName>System.Runtime.Handles</ModuleName>
      <Classes />
    </Module>
    <Module skippedDueTo="Filter" hash="D7-23-08-8A-B9-C5-99-E4-50-85-65-13-0E-47-FB-C4-26-C9-9D-37">
      <ModulePath>C:\Program Files\dotnet\shared\Microsoft.NETCore.App\2.2.5\System.Runtime.InteropServices.WindowsRuntime.dll</ModulePath>
      <ModuleTime>2019-04-17T15:42:02Z</ModuleTime>
      <ModuleName>System.Runtime.InteropServices.WindowsRuntime</ModuleName>
      <Classes />
    </Module>
    <Module skippedDueTo="Filter" hash="50-23-1E-C0-7A-E7-94-B5-A9-E3-1F-37-87-2D-E4-D6-C2-0D-7E-4D">
      <ModulePath>C:\Program Files\dotnet\shared\Microsoft.NETCore.App\2.2.5\System.Runtime.Serialization.Json.dll</ModulePath>
      <ModuleTime>2019-04-17T15:42:02Z</ModuleTime>
      <ModuleName>System.Runtime.Serialization.Json</ModuleName>
      <Classes />
    </Module>
    <Module skippedDueTo="Filter" hash="4E-34-31-DF-0D-49-78-38-29-01-89-3C-33-16-97-F2-57-0D-11-BB">
      <ModulePath>C:\Program Files\dotnet\shared\Microsoft.NETCore.App\2.2.5\System.Runtime.Serialization.Xml.dll</ModulePath>
      <ModuleTime>2019-04-17T15:42:02Z</ModuleTime>
      <ModuleName>System.Runtime.Serialization.Xml</ModuleName>
      <Classes />
    </Module>
    <Module skippedDueTo="Filter" hash="75-A2-42-EE-73-AE-2E-4C-AB-D8-1D-C0-90-CD-8B-87-BD-4D-5E-33">
      <ModulePath>C:\Program Files\dotnet\shared\Microsoft.NETCore.App\2.2.5\System.Runtime.Serialization.dll</ModulePath>
      <ModuleTime>2019-04-17T15:42:02Z</ModuleTime>
      <ModuleName>System.Runtime.Serialization</ModuleName>
      <Classes />
    </Module>
    <Module skippedDueTo="Filter" hash="A3-83-F8-AD-ED-BC-F5-C6-05-0D-C5-6F-DE-C2-84-83-58-C7-CA-71">
      <ModulePath>C:\Program Files\dotnet\shared\Microsoft.NETCore.App\2.2.5\System.Security.Cryptography.Cng.dll</ModulePath>
      <ModuleTime>2019-04-17T15:42:02Z</ModuleTime>
      <ModuleName>System.Security.Cryptography.Cng</ModuleName>
      <Classes />
    </Module>
    <Module skippedDueTo="Filter" hash="14-25-F7-CC-B9-2F-AD-39-E6-14-95-A7-2F-7D-AE-87-24-A3-C6-6B">
      <ModulePath>C:\Program Files\dotnet\shared\Microsoft.NETCore.App\2.2.5\System.Security.Cryptography.Csp.dll</ModulePath>
      <ModuleTime>2019-04-17T15:42:02Z</ModuleTime>
      <ModuleName>System.Security.Cryptography.Csp</ModuleName>
      <Classes />
    </Module>
    <Module skippedDueTo="Filter" hash="3A-C8-CE-A3-6C-96-39-CA-4D-6E-69-46-BB-AD-A5-48-C1-0E-6A-4F">
      <ModulePath>C:\Program Files\dotnet\shared\Microsoft.NETCore.App\2.2.5\System.Security.Cryptography.OpenSsl.dll</ModulePath>
      <ModuleTime>2019-04-17T15:42:02Z</ModuleTime>
      <ModuleName>System.Security.Cryptography.OpenSsl</ModuleName>
      <Classes />
    </Module>
    <Module skippedDueTo="Filter" hash="B0-EC-9C-AA-01-60-5A-0D-50-95-62-37-5B-33-45-F6-75-51-53-52">
      <ModulePath>C:\Program Files\dotnet\shared\Microsoft.NETCore.App\2.2.5\System.Security.SecureString.dll</ModulePath>
      <ModuleTime>2019-04-17T15:42:02Z</ModuleTime>
      <ModuleName>System.Security.SecureString</ModuleName>
      <Classes />
    </Module>
    <Module skippedDueTo="Filter" hash="21-58-50-F5-67-05-C1-C4-F0-CB-A2-B1-7D-9B-B3-9E-1B-70-39-70">
      <ModulePath>C:\Program Files\dotnet\shared\Microsoft.NETCore.App\2.2.5\System.Security.dll</ModulePath>
      <ModuleTime>2019-04-17T15:42:02Z</ModuleTime>
      <ModuleName>System.Security</ModuleName>
      <Classes />
    </Module>
    <Module skippedDueTo="Filter" hash="1B-51-0C-B1-99-FC-21-E9-8D-41-45-3E-7E-E8-65-C1-F0-C7-F2-C6">
      <ModulePath>C:\Program Files\dotnet\shared\Microsoft.NETCore.App\2.2.5\System.ServiceModel.Web.dll</ModulePath>
      <ModuleTime>2019-04-17T15:42:02Z</ModuleTime>
      <ModuleName>System.ServiceModel.Web</ModuleName>
      <Classes />
    </Module>
    <Module skippedDueTo="Filter" hash="9E-6B-34-9F-CB-D8-EF-DC-55-0C-75-28-45-7B-F1-30-F4-00-B3-40">
      <ModulePath>C:\Program Files\dotnet\shared\Microsoft.NETCore.App\2.2.5\System.ServiceProcess.dll</ModulePath>
      <ModuleTime>2019-04-17T15:42:02Z</ModuleTime>
      <ModuleName>System.ServiceProcess</ModuleName>
      <Classes />
    </Module>
    <Module skippedDueTo="Filter" hash="EB-D2-24-16-24-3D-4B-C6-4F-3E-11-5E-1C-B9-56-AE-28-2A-27-41">
      <ModulePath>C:\Program Files\dotnet\shared\Microsoft.NETCore.App\2.2.5\System.Threading.Tasks.Dataflow.dll</ModulePath>
      <ModuleTime>2019-04-17T15:42:02Z</ModuleTime>
      <ModuleName>System.Threading.Tasks.Dataflow</ModuleName>
      <Classes />
    </Module>
    <Module skippedDueTo="Filter" hash="B8-F4-8A-F6-B2-93-9A-0C-20-53-AB-2D-A0-73-F9-6F-4E-58-6F-C4">
      <ModulePath>C:\Program Files\dotnet\shared\Microsoft.NETCore.App\2.2.5\System.Threading.Tasks.Extensions.dll</ModulePath>
      <ModuleTime>2019-04-17T15:42:02Z</ModuleTime>
      <ModuleName>System.Threading.Tasks.Extensions</ModuleName>
      <Classes />
    </Module>
    <Module skippedDueTo="Filter" hash="4D-7E-78-4B-78-AE-A9-E9-C5-F4-ED-C0-8C-FE-2B-7E-19-96-E6-30">
      <ModulePath>C:\Program Files\dotnet\shared\Microsoft.NETCore.App\2.2.5\System.Threading.Tasks.Parallel.dll</ModulePath>
      <ModuleTime>2019-04-17T15:42:02Z</ModuleTime>
      <ModuleName>System.Threading.Tasks.Parallel</ModuleName>
      <Classes />
    </Module>
    <Module skippedDueTo="Filter" hash="88-37-FE-C7-AB-33-40-AD-4F-47-A9-32-3C-22-73-5F-6F-93-3D-72">
      <ModulePath>C:\Program Files\dotnet\shared\Microsoft.NETCore.App\2.2.5\System.Transactions.dll</ModulePath>
      <ModuleTime>2019-04-17T15:42:02Z</ModuleTime>
      <ModuleName>System.Transactions</ModuleName>
      <Classes />
    </Module>
    <Module skippedDueTo="Filter" hash="2E-BE-49-25-90-27-22-85-10-87-13-A4-7D-68-9B-3C-57-12-E8-4A">
      <ModulePath>C:\Program Files\dotnet\shared\Microsoft.NETCore.App\2.2.5\System.ValueTuple.dll</ModulePath>
      <ModuleTime>2019-04-17T15:42:02Z</ModuleTime>
      <ModuleName>System.ValueTuple</ModuleName>
      <Classes />
    </Module>
    <Module skippedDueTo="Filter" hash="7A-4C-8C-94-BB-CD-A1-C7-A0-9F-41-36-FF-9D-13-5C-E0-5A-0E-D6">
      <ModulePath>C:\Program Files\dotnet\shared\Microsoft.NETCore.App\2.2.5\System.Web.HttpUtility.dll</ModulePath>
      <ModuleTime>2019-04-17T15:42:02Z</ModuleTime>
      <ModuleName>System.Web.HttpUtility</ModuleName>
      <Classes />
    </Module>
    <Module skippedDueTo="Filter" hash="DE-11-B6-04-BB-36-AE-09-79-58-18-31-63-E1-C1-4B-96-C2-5F-55">
      <ModulePath>C:\Program Files\dotnet\shared\Microsoft.NETCore.App\2.2.5\System.Web.dll</ModulePath>
      <ModuleTime>2019-04-17T15:42:02Z</ModuleTime>
      <ModuleName>System.Web</ModuleName>
      <Classes />
    </Module>
    <Module skippedDueTo="Filter" hash="71-46-0A-29-19-E4-1A-DB-CA-81-49-4B-01-00-7C-F0-5D-97-C8-80">
      <ModulePath>C:\Program Files\dotnet\shared\Microsoft.NETCore.App\2.2.5\System.Windows.dll</ModulePath>
      <ModuleTime>2019-04-17T15:42:02Z</ModuleTime>
      <ModuleName>System.Windows</ModuleName>
      <Classes />
    </Module>
    <Module skippedDueTo="Filter" hash="62-2A-9A-0B-2D-F8-4C-10-C8-EB-77-38-F3-9F-80-25-74-87-71-59">
      <ModulePath>C:\Program Files\dotnet\shared\Microsoft.NETCore.App\2.2.5\System.Xml.Linq.dll</ModulePath>
      <ModuleTime>2019-04-17T15:42:02Z</ModuleTime>
      <ModuleName>System.Xml.Linq</ModuleName>
      <Classes />
    </Module>
    <Module skippedDueTo="Filter" hash="C4-83-1B-68-E2-75-A4-8F-2A-81-43-1C-71-9F-30-C9-07-E6-64-20">
      <ModulePath>C:\Program Files\dotnet\shared\Microsoft.NETCore.App\2.2.5\System.Xml.Serialization.dll</ModulePath>
      <ModuleTime>2019-04-17T15:42:02Z</ModuleTime>
      <ModuleName>System.Xml.Serialization</ModuleName>
      <Classes />
    </Module>
    <Module skippedDueTo="Filter" hash="AC-78-4A-B4-47-69-77-C4-8D-2C-E2-7D-B5-94-12-AB-A3-BF-29-63">
      <ModulePath>C:\Program Files\dotnet\shared\Microsoft.NETCore.App\2.2.5\System.Xml.XPath.XDocument.dll</ModulePath>
      <ModuleTime>2019-04-17T15:42:02Z</ModuleTime>
      <ModuleName>System.Xml.XPath.XDocument</ModuleName>
      <Classes />
    </Module>
    <Module skippedDueTo="Filter" hash="82-02-70-8F-B7-C8-9A-1C-9A-A3-9D-43-AE-79-53-D0-FE-5B-B1-CA">
      <ModulePath>C:\Program Files\dotnet\shared\Microsoft.NETCore.App\2.2.5\System.Xml.XmlSerializer.dll</ModulePath>
      <ModuleTime>2019-04-17T15:42:02Z</ModuleTime>
      <ModuleName>System.Xml.XmlSerializer</ModuleName>
      <Classes />
    </Module>
    <Module skippedDueTo="Filter" hash="79-C8-39-5A-D7-77-4F-C4-64-1E-45-96-D8-8E-0D-B2-2E-43-1A-61">
      <ModulePath>C:\Program Files\dotnet\shared\Microsoft.NETCore.App\2.2.5\System.Xml.dll</ModulePath>
      <ModuleTime>2019-04-17T15:42:02Z</ModuleTime>
      <ModuleName>System.Xml</ModuleName>
      <Classes />
    </Module>
    <Module skippedDueTo="Filter" hash="0A-2C-A7-CE-B0-C0-E3-F7-25-D3-34-C1-2D-EB-22-40-8F-3E-84-18">
      <ModulePath>C:\Program Files\dotnet\shared\Microsoft.NETCore.App\2.2.5\System.dll</ModulePath>
      <ModuleTime>2019-04-17T15:42:02Z</ModuleTime>
      <ModuleName>System</ModuleName>
      <Classes />
    </Module>
    <Module skippedDueTo="Filter" hash="EE-73-39-56-FD-98-54-BF-72-1E-37-34-2C-C6-DD-3B-EF-2F-67-EE">
      <ModulePath>C:\Program Files\dotnet\shared\Microsoft.NETCore.App\2.2.5\WindowsBase.dll</ModulePath>
      <ModuleTime>2019-04-17T15:42:02Z</ModuleTime>
      <ModuleName>WindowsBase</ModuleName>
      <Classes />
    </Module>
    <Module skippedDueTo="Filter" hash="2B-0E-C4-2C-54-CA-19-66-1A-7E-27-2A-03-A3-92-F0-59-0C-D6-9D">
      <ModulePath>D:\GitHub\BESL\BESL.Application.Tests\bin\Debug\netcoreapp2.2\xunit.runner.reporters.netcoreapp10.dll</ModulePath>
      <ModuleTime>2018-10-29T02:17:14Z</ModuleTime>
      <ModuleName>xunit.runner.reporters.netcoreapp10</ModuleName>
      <Classes />
    </Module>
    <Module skippedDueTo="Filter" hash="81-48-8E-CA-A5-B9-7A-0F-00-04-D9-05-3D-F8-9B-C8-CC-66-86-A7">
      <ModulePath>D:\GitHub\BESL\BESL.Application.Tests\bin\Debug\netcoreapp2.2\xunit.runner.visualstudio.dotnetcore.testadapter.dll</ModulePath>
      <ModuleTime>2018-10-29T02:17:12Z</ModuleTime>
      <ModuleName>xunit.runner.visualstudio.dotnetcore.testadapter</ModuleName>
      <Classes />
    </Module>
    <Module skippedDueTo="Filter" hash="EF-DB-5A-12-CB-70-07-BA-88-6F-75-33-23-19-9B-73-69-D3-AA-23">
      <ModulePath>C:\Program Files\dotnet\shared\Microsoft.NETCore.App\3.0.0-preview4-27615-11\System.ComponentModel.dll</ModulePath>
      <ModuleTime>2019-04-16T03:23:46Z</ModuleTime>
      <ModuleName>System.ComponentModel</ModuleName>
      <Classes />
    </Module>
    <Module skippedDueTo="Filter" hash="">
      <ModulePath>RefEmit_InMemoryManifestModule</ModulePath>
      <ModuleTime>0001-01-01T00:00:00</ModuleTime>
      <ModuleName>DynamicProxyGenAssembly2</ModuleName>
      <Classes />
    </Module>
  </Modules>
</CoverageSession>